2024-01-26 11:12:00,743 [main] INFO  org.hibernate.jpa.internal.util.LogHelper - HHH000204: Processing PersistenceUnitInfo [name: PersistenciaPeliculas]
2024-01-26 11:12:00,787 [main] INFO  org.hibernate.Version                    - HHH000412: Hibernate ORM core version 6.4.1.Final
2024-01-26 11:12:00,820 [main] DEBUG o.hibernate.cache.internal.RegionFactoryInitiator - Cannot default RegionFactory based on registered strategies as `[]` RegionFactory strategies were registered
2024-01-26 11:12:00,821 [main] INFO  o.hibernate.cache.internal.RegionFactoryInitiator - HHH000026: Second-level cache disabled
2024-01-26 11:12:00,987 [main] WARN  o.h.e.j.c.internal.ConnectionProviderInitiator - HHH000022: c3p0 properties were encountered, but the c3p0 provider class was not found on the classpath; these properties are going to be ignored.
2024-01-26 11:12:00,990 [main] WARN  org.hibernate.orm.connections.pooling    - HHH10001002: Using built-in connection pool (not intended for production use)
2024-01-26 11:12:00,994 [main] INFO  org.hibernate.orm.connections.pooling    - HHH10001005: Loaded JDBC driver class: com.mysql.cj.jdbc.Driver
2024-01-26 11:12:00,995 [main] INFO  org.hibernate.orm.connections.pooling    - HHH10001012: Connecting with JDBC URL [jdbc:mysql://localhost:3333/peliculas_orm_2324]
2024-01-26 11:12:00,995 [main] INFO  org.hibernate.orm.connections.pooling    - HHH10001001: Connection properties: {password=****, autocommit=false, user=root}
2024-01-26 11:12:00,995 [main] INFO  org.hibernate.orm.connections.pooling    - HHH10001003: Autocommit mode: false
2024-01-26 11:12:00,997 [main] INFO  org.hibernate.orm.connections.pooling    - HHH10001115: Connection pool size: 20 (min=1)
2024-01-26 11:12:02,117 [main] INFO  o.h.e.t.jta.platform.internal.JtaPlatformInitiator - HHH000489: No JTA platform available (set 'hibernate.transaction.jta.platform' to enable JTA platform integration)
2024-01-26 11:12:02,121 [main] INFO  es.ciudadescolar.Principal               - Iniciando programa...
2024-01-26 11:12:02,153 [main] DEBUG org.hibernate.stat.internal.StatisticsInitiator - Statistics initialized [enabled=true]
2024-01-26 11:12:02,374 [main] DEBUG org.hibernate.SQL                        - 
    select
        a1_0.cod_act,
        a1_0.cod_direccion,
        a1_0.nombre 
    from
        actores a1_0 
    where
        a1_0.nombre=?
2024-01-26 11:12:02,379 [main] TRACE org.hibernate.orm.jdbc.bind              - binding parameter (1:VARCHAR) <- [Carlos]
2024-01-26 11:12:02,391 [main] DEBUG org.hibernate.stat.internal.StatisticsImpl - HHH000117: HQL: from Actor a where a.nombre = :name, time: 27ms, rows: 1
2024-01-26 11:12:02,392 [main] INFO  org.hibernate.orm.connections.pooling    - HHH10001008: Cleaning up connection pool [jdbc:mysql://localhost:3333/peliculas_orm_2324]
2024-01-26 11:12:02,395 [main] INFO  es.ciudadescolar.Principal               - Fin del programa
2024-01-26 11:13:22,902 [main] INFO  org.hibernate.jpa.internal.util.LogHelper - HHH000204: Processing PersistenceUnitInfo [name: PersistenciaPeliculas]
2024-01-26 11:13:22,947 [main] INFO  org.hibernate.Version                    - HHH000412: Hibernate ORM core version 6.4.1.Final
2024-01-26 11:13:22,981 [main] DEBUG o.hibernate.cache.internal.RegionFactoryInitiator - Cannot default RegionFactory based on registered strategies as `[]` RegionFactory strategies were registered
2024-01-26 11:13:22,982 [main] INFO  o.hibernate.cache.internal.RegionFactoryInitiator - HHH000026: Second-level cache disabled
2024-01-26 11:13:23,140 [main] WARN  o.h.e.j.c.internal.ConnectionProviderInitiator - HHH000022: c3p0 properties were encountered, but the c3p0 provider class was not found on the classpath; these properties are going to be ignored.
2024-01-26 11:13:23,143 [main] WARN  org.hibernate.orm.connections.pooling    - HHH10001002: Using built-in connection pool (not intended for production use)
2024-01-26 11:13:23,147 [main] INFO  org.hibernate.orm.connections.pooling    - HHH10001005: Loaded JDBC driver class: com.mysql.cj.jdbc.Driver
2024-01-26 11:13:23,147 [main] INFO  org.hibernate.orm.connections.pooling    - HHH10001012: Connecting with JDBC URL [jdbc:mysql://localhost:3333/peliculas_orm_2324]
2024-01-26 11:13:23,148 [main] INFO  org.hibernate.orm.connections.pooling    - HHH10001001: Connection properties: {password=****, autocommit=false, user=root}
2024-01-26 11:13:23,148 [main] INFO  org.hibernate.orm.connections.pooling    - HHH10001003: Autocommit mode: false
2024-01-26 11:13:23,150 [main] INFO  org.hibernate.orm.connections.pooling    - HHH10001115: Connection pool size: 20 (min=1)
2024-01-26 11:13:24,270 [main] INFO  o.h.e.t.jta.platform.internal.JtaPlatformInitiator - HHH000489: No JTA platform available (set 'hibernate.transaction.jta.platform' to enable JTA platform integration)
2024-01-26 11:13:24,274 [main] INFO  es.ciudadescolar.Principal               - Iniciando programa...
2024-01-26 11:13:24,303 [main] DEBUG org.hibernate.stat.internal.StatisticsInitiator - Statistics initialized [enabled=true]
2024-01-26 11:13:24,520 [main] DEBUG org.hibernate.SQL                        - 
    select
        a1_0.cod_act,
        a1_0.cod_direccion,
        a1_0.nombre 
    from
        actores a1_0 
    where
        a1_0.nombre=?
2024-01-26 11:13:24,525 [main] TRACE org.hibernate.orm.jdbc.bind              - binding parameter (1:VARCHAR) <- [Carlos]
2024-01-26 11:13:24,538 [main] DEBUG org.hibernate.stat.internal.StatisticsImpl - HHH000117: HQL: from Actor a where a.nombre = :name, time: 29ms, rows: 1
2024-01-26 11:13:24,542 [main] DEBUG org.hibernate.SQL                        - 
    select
        d1_0.cod_dir,
        d1_0.calle,
        d1_0.numero 
    from
        direcciones d1_0 
    where
        d1_0.cod_dir=?
2024-01-26 11:13:24,543 [main] TRACE org.hibernate.orm.jdbc.bind              - binding parameter (1:INTEGER) <- [10]
2024-01-26 11:13:24,558 [main] INFO  org.hibernate.orm.connections.pooling    - HHH10001008: Cleaning up connection pool [jdbc:mysql://localhost:3333/peliculas_orm_2324]
2024-01-26 11:13:24,560 [main] INFO  es.ciudadescolar.Principal               - Fin del programa
2024-01-26 11:16:46,821 [main] INFO  org.hibernate.jpa.internal.util.LogHelper - HHH000204: Processing PersistenceUnitInfo [name: PersistenciaPeliculas]
2024-01-26 11:16:46,864 [main] INFO  org.hibernate.Version                    - HHH000412: Hibernate ORM core version 6.4.1.Final
2024-01-26 11:16:46,898 [main] DEBUG o.hibernate.cache.internal.RegionFactoryInitiator - Cannot default RegionFactory based on registered strategies as `[]` RegionFactory strategies were registered
2024-01-26 11:16:46,898 [main] INFO  o.hibernate.cache.internal.RegionFactoryInitiator - HHH000026: Second-level cache disabled
2024-01-26 11:16:47,051 [main] WARN  o.h.e.j.c.internal.ConnectionProviderInitiator - HHH000022: c3p0 properties were encountered, but the c3p0 provider class was not found on the classpath; these properties are going to be ignored.
2024-01-26 11:16:47,053 [main] WARN  org.hibernate.orm.connections.pooling    - HHH10001002: Using built-in connection pool (not intended for production use)
2024-01-26 11:16:48,150 [main] INFO  o.h.e.t.jta.platform.internal.JtaPlatformInitiator - HHH000489: No JTA platform available (set 'hibernate.transaction.jta.platform' to enable JTA platform integration)
2024-01-26 11:16:48,153 [main] INFO  es.ciudadescolar.Principal               - Iniciando programa...
2024-01-26 11:16:48,183 [main] DEBUG org.hibernate.stat.internal.StatisticsInitiator - Statistics initialized [enabled=true]
2024-01-26 11:16:48,397 [main] DEBUG org.hibernate.SQL                        - 
    select
        a1_0.cod_act,
        a1_0.cod_direccion,
        a1_0.nombre 
    from
        actores a1_0 
    where
        a1_0.nombre=?
2024-01-26 11:16:48,402 [main] TRACE org.hibernate.orm.jdbc.bind              - binding parameter (1:VARCHAR) <- [Carlos]
2024-01-26 11:16:48,414 [main] DEBUG org.hibernate.stat.internal.StatisticsImpl - HHH000117: HQL: from Actor a where a.nombre = :name, time: 28ms, rows: 1
2024-01-26 11:16:48,417 [main] DEBUG org.hibernate.SQL                        - 
    select
        d1_0.cod_dir,
        d1_0.calle,
        d1_0.numero 
    from
        direcciones d1_0 
    where
        d1_0.cod_dir=?
2024-01-26 11:16:48,418 [main] TRACE org.hibernate.orm.jdbc.bind              - binding parameter (1:INTEGER) <- [10]
2024-01-26 11:16:48,424 [main] INFO  es.ciudadescolar.Principal               - Fin del programa
2024-01-26 11:19:36,820 [main] DEBUG o.hibernate.cache.internal.RegionFactoryInitiator - Cannot default RegionFactory based on registered strategies as `[]` RegionFactory strategies were registered
2024-01-26 11:19:36,825 [main] INFO  o.hibernate.cache.internal.RegionFactoryInitiator - HHH000026: Second-level cache disabled
2024-01-26 11:19:36,978 [main] WARN  o.h.e.j.c.internal.ConnectionProviderInitiator - HHH000022: c3p0 properties were encountered, but the c3p0 provider class was not found on the classpath; these properties are going to be ignored.
2024-01-26 11:19:36,980 [main] WARN  org.hibernate.orm.connections.pooling    - HHH10001002: Using built-in connection pool (not intended for production use)
2024-01-26 11:19:38,072 [main] INFO  o.h.e.t.jta.platform.internal.JtaPlatformInitiator - HHH000489: No JTA platform available (set 'hibernate.transaction.jta.platform' to enable JTA platform integration)
2024-01-26 11:19:38,075 [main] INFO  es.ciudadescolar.Principal               - Iniciando programa...
2024-01-26 11:19:38,103 [main] DEBUG org.hibernate.stat.internal.StatisticsInitiator - Statistics initialized [enabled=true]
2024-01-26 11:19:38,316 [main] DEBUG org.hibernate.SQL                        - 
    select
        a1_0.cod_act,
        a1_0.cod_direccion,
        a1_0.nombre 
    from
        actores a1_0 
    where
        a1_0.nombre=?
2024-01-26 11:19:38,321 [main] TRACE org.hibernate.orm.jdbc.bind              - binding parameter (1:VARCHAR) <- [Carlos]
2024-01-26 11:19:38,333 [main] DEBUG org.hibernate.stat.internal.StatisticsImpl - HHH000117: HQL: from Actor a where a.nombre = :name, time: 28ms, rows: 1
2024-01-26 11:19:38,336 [main] DEBUG org.hibernate.SQL                        - 
    select
        d1_0.cod_dir,
        d1_0.calle,
        d1_0.numero 
    from
        direcciones d1_0 
    where
        d1_0.cod_dir=?
2024-01-26 11:19:38,337 [main] TRACE org.hibernate.orm.jdbc.bind              - binding parameter (1:INTEGER) <- [10]
2024-01-26 11:19:38,344 [main] INFO  es.ciudadescolar.Principal               - Fin del programa
2024-01-26 11:22:20,662 [main] DEBUG o.hibernate.cache.internal.RegionFactoryInitiator - Cannot default RegionFactory based on registered strategies as `[]` RegionFactory strategies were registered
2024-01-26 11:22:20,667 [main] INFO  o.hibernate.cache.internal.RegionFactoryInitiator - HHH000026: Second-level cache disabled
2024-01-26 11:22:20,818 [main] WARN  o.h.e.j.c.internal.ConnectionProviderInitiator - HHH000022: c3p0 properties were encountered, but the c3p0 provider class was not found on the classpath; these properties are going to be ignored.
2024-01-26 11:22:20,821 [main] WARN  org.hibernate.orm.connections.pooling    - HHH10001002: Using built-in connection pool (not intended for production use)
2024-01-26 11:22:21,911 [main] INFO  o.h.e.t.jta.platform.internal.JtaPlatformInitiator - HHH000489: No JTA platform available (set 'hibernate.transaction.jta.platform' to enable JTA platform integration)
2024-01-26 11:22:21,915 [main] INFO  es.ciudadescolar.Principal               - Iniciando programa...
2024-01-26 11:22:21,944 [main] DEBUG org.hibernate.stat.internal.StatisticsInitiator - Statistics initialized [enabled=true]
2024-01-26 11:22:22,158 [main] DEBUG org.hibernate.SQL                        - 
    select
        a1_0.cod_act,
        a1_0.cod_direccion,
        a1_0.nombre 
    from
        actores a1_0 
    where
        a1_0.nombre=?
2024-01-26 11:22:22,163 [main] TRACE org.hibernate.orm.jdbc.bind              - binding parameter (1:VARCHAR) <- [Carlos]
2024-01-26 11:22:22,175 [main] DEBUG org.hibernate.stat.internal.StatisticsImpl - HHH000117: HQL: from Actor a where a.nombre = :name, time: 27ms, rows: 1
2024-01-26 11:22:22,178 [main] DEBUG org.hibernate.SQL                        - 
    select
        d1_0.cod_dir,
        d1_0.calle,
        d1_0.numero 
    from
        direcciones d1_0 
    where
        d1_0.cod_dir=?
2024-01-26 11:22:22,179 [main] TRACE org.hibernate.orm.jdbc.bind              - binding parameter (1:INTEGER) <- [10]
2024-01-26 11:22:22,185 [main] INFO  es.ciudadescolar.Principal               - Fin del programa
2024-01-26 11:22:48,902 [main] DEBUG o.hibernate.cache.internal.RegionFactoryInitiator - Cannot default RegionFactory based on registered strategies as `[]` RegionFactory strategies were registered
2024-01-26 11:22:48,908 [main] INFO  o.hibernate.cache.internal.RegionFactoryInitiator - HHH000026: Second-level cache disabled
2024-01-26 11:22:49,059 [main] WARN  o.h.e.j.c.internal.ConnectionProviderInitiator - HHH000022: c3p0 properties were encountered, but the c3p0 provider class was not found on the classpath; these properties are going to be ignored.
2024-01-26 11:22:49,062 [main] WARN  org.hibernate.orm.connections.pooling    - HHH10001002: Using built-in connection pool (not intended for production use)
2024-01-26 11:22:50,167 [main] INFO  o.h.e.t.jta.platform.internal.JtaPlatformInitiator - HHH000489: No JTA platform available (set 'hibernate.transaction.jta.platform' to enable JTA platform integration)
2024-01-26 11:22:50,171 [main] INFO  es.ciudadescolar.Principal               - Iniciando programa...
2024-01-26 11:22:50,200 [main] DEBUG org.hibernate.stat.internal.StatisticsInitiator - Statistics initialized [enabled=true]
2024-01-26 11:22:50,414 [main] DEBUG org.hibernate.SQL                        - 
    select
        a1_0.cod_act,
        a1_0.cod_direccion,
        a1_0.nombre 
    from
        actores a1_0 
    where
        a1_0.nombre=?
2024-01-26 11:22:50,419 [main] TRACE org.hibernate.orm.jdbc.bind              - binding parameter (1:VARCHAR) <- [Carlos]
2024-01-26 11:22:50,432 [main] DEBUG org.hibernate.stat.internal.StatisticsImpl - HHH000117: HQL: from Actor a where a.nombre = :name, time: 27ms, rows: 1
2024-01-26 11:22:50,435 [main] DEBUG org.hibernate.SQL                        - 
    select
        d1_0.cod_dir,
        d1_0.calle,
        d1_0.numero 
    from
        direcciones d1_0 
    where
        d1_0.cod_dir=?
2024-01-26 11:22:50,436 [main] TRACE org.hibernate.orm.jdbc.bind              - binding parameter (1:INTEGER) <- [10]
2024-01-26 11:22:50,442 [main] INFO  es.ciudadescolar.Principal               - Fin del programa
2024-01-26 11:23:32,056 [main] DEBUG o.hibernate.cache.internal.RegionFactoryInitiator - Cannot default RegionFactory based on registered strategies as `[]` RegionFactory strategies were registered
2024-01-26 11:23:32,061 [main] INFO  o.hibernate.cache.internal.RegionFactoryInitiator - HHH000026: Second-level cache disabled
2024-01-26 11:23:32,214 [main] WARN  o.h.e.j.c.internal.ConnectionProviderInitiator - HHH000022: c3p0 properties were encountered, but the c3p0 provider class was not found on the classpath; these properties are going to be ignored.
2024-01-26 11:23:32,216 [main] WARN  org.hibernate.orm.connections.pooling    - HHH10001002: Using built-in connection pool (not intended for production use)
2024-01-26 11:23:33,318 [main] INFO  o.h.e.t.jta.platform.internal.JtaPlatformInitiator - HHH000489: No JTA platform available (set 'hibernate.transaction.jta.platform' to enable JTA platform integration)
2024-01-26 11:23:33,322 [main] INFO  es.ciudadescolar.Principal               - Iniciando programa...
2024-01-26 11:23:33,353 [main] DEBUG org.hibernate.stat.internal.StatisticsInitiator - Statistics initialized [enabled=true]
2024-01-26 11:23:33,569 [main] DEBUG org.hibernate.SQL                        - 
    select
        a1_0.cod_act,
        a1_0.cod_direccion,
        a1_0.nombre 
    from
        actores a1_0 
    where
        a1_0.nombre=?
2024-01-26 11:23:33,574 [main] TRACE org.hibernate.orm.jdbc.bind              - binding parameter (1:VARCHAR) <- [Carlos]
2024-01-26 11:23:33,587 [main] DEBUG org.hibernate.stat.internal.StatisticsImpl - HHH000117: HQL: from Actor a where a.nombre = :name, time: 29ms, rows: 1
2024-01-26 11:23:33,590 [main] DEBUG org.hibernate.SQL                        - 
    select
        d1_0.cod_dir,
        d1_0.calle,
        d1_0.numero 
    from
        direcciones d1_0 
    where
        d1_0.cod_dir=?
2024-01-26 11:23:33,591 [main] TRACE org.hibernate.orm.jdbc.bind              - binding parameter (1:INTEGER) <- [10]
2024-01-26 11:23:33,595 [main] INFO  es.ciudadescolar.Principal               - Actor [cod_act=10, nombre=Carlos, direccion_actor=Direccion [cod_dir=10, calle=San Cristobal, numero=7]]
2024-01-26 11:23:33,597 [main] INFO  es.ciudadescolar.Principal               - Fin del programa
2024-01-26 11:25:24,690 [main] DEBUG o.hibernate.cache.internal.RegionFactoryInitiator - Cannot default RegionFactory based on registered strategies as `[]` RegionFactory strategies were registered
2024-01-26 11:25:24,695 [main] INFO  o.hibernate.cache.internal.RegionFactoryInitiator - HHH000026: Second-level cache disabled
2024-01-26 11:25:24,852 [main] WARN  o.h.e.j.c.internal.ConnectionProviderInitiator - HHH000022: c3p0 properties were encountered, but the c3p0 provider class was not found on the classpath; these properties are going to be ignored.
2024-01-26 11:25:24,854 [main] WARN  org.hibernate.orm.connections.pooling    - HHH10001002: Using built-in connection pool (not intended for production use)
2024-01-26 11:25:25,995 [main] INFO  o.h.e.t.jta.platform.internal.JtaPlatformInitiator - HHH000489: No JTA platform available (set 'hibernate.transaction.jta.platform' to enable JTA platform integration)
2024-01-26 11:25:25,999 [main] INFO  es.ciudadescolar.Principal               - Iniciando programa...
2024-01-26 11:25:26,029 [main] DEBUG org.hibernate.stat.internal.StatisticsInitiator - Statistics initialized [enabled=true]
2024-01-26 11:25:26,253 [main] DEBUG org.hibernate.SQL                        - 
    select
        a1_0.cod_act,
        a1_0.cod_direccion,
        a1_0.nombre 
    from
        actores a1_0 
    where
        a1_0.nombre=?
2024-01-26 11:25:26,257 [main] TRACE org.hibernate.orm.jdbc.bind              - binding parameter (1:VARCHAR) <- [Carlos]
2024-01-26 11:25:26,269 [main] DEBUG org.hibernate.stat.internal.StatisticsImpl - HHH000117: HQL: from Actor a where a.nombre = :name, time: 28ms, rows: 1
2024-01-26 11:25:26,273 [main] DEBUG org.hibernate.SQL                        - 
    select
        d1_0.cod_dir,
        d1_0.calle,
        d1_0.numero 
    from
        direcciones d1_0 
    where
        d1_0.cod_dir=?
2024-01-26 11:25:26,274 [main] TRACE org.hibernate.orm.jdbc.bind              - binding parameter (1:INTEGER) <- [10]
2024-01-26 11:25:26,279 [main] INFO  es.ciudadescolar.Principal               - Actor [cod_act=10, nombre=Carlos, direccion_actor=Direccion [cod_dir=10, calle=San Cristobal, numero=7]]
2024-01-26 11:25:26,282 [main] INFO  es.ciudadescolar.Principal               - Fin del programa
2024-01-26 11:26:11,751 [main] INFO  org.hibernate.jpa.internal.util.LogHelper - HHH000204: Processing PersistenceUnitInfo [name: PersistenciaPeliculas]
2024-01-26 11:26:11,797 [main] INFO  org.hibernate.Version                    - HHH000412: Hibernate ORM core version 6.4.1.Final
2024-01-26 11:26:11,830 [main] DEBUG o.hibernate.cache.internal.RegionFactoryInitiator - Cannot default RegionFactory based on registered strategies as `[]` RegionFactory strategies were registered
2024-01-26 11:26:11,831 [main] INFO  o.hibernate.cache.internal.RegionFactoryInitiator - HHH000026: Second-level cache disabled
2024-01-26 11:26:11,988 [main] WARN  o.h.e.j.c.internal.ConnectionProviderInitiator - HHH000022: c3p0 properties were encountered, but the c3p0 provider class was not found on the classpath; these properties are going to be ignored.
2024-01-26 11:26:11,991 [main] WARN  org.hibernate.orm.connections.pooling    - HHH10001002: Using built-in connection pool (not intended for production use)
2024-01-26 11:26:11,995 [main] INFO  org.hibernate.orm.connections.pooling    - HHH10001005: Loaded JDBC driver class: com.mysql.cj.jdbc.Driver
2024-01-26 11:26:11,995 [main] INFO  org.hibernate.orm.connections.pooling    - HHH10001012: Connecting with JDBC URL [jdbc:mysql://localhost:3333/peliculas_orm_2324]
2024-01-26 11:26:11,995 [main] INFO  org.hibernate.orm.connections.pooling    - HHH10001001: Connection properties: {password=****, autocommit=false, user=root}
2024-01-26 11:26:11,995 [main] INFO  org.hibernate.orm.connections.pooling    - HHH10001003: Autocommit mode: false
2024-01-26 11:26:11,998 [main] INFO  org.hibernate.orm.connections.pooling    - HHH10001115: Connection pool size: 20 (min=1)
2024-01-26 11:26:13,139 [main] INFO  o.h.e.t.jta.platform.internal.JtaPlatformInitiator - HHH000489: No JTA platform available (set 'hibernate.transaction.jta.platform' to enable JTA platform integration)
2024-01-26 11:26:13,143 [main] INFO  es.ciudadescolar.Principal               - Iniciando programa...
2024-01-26 11:26:13,172 [main] DEBUG org.hibernate.stat.internal.StatisticsInitiator - Statistics initialized [enabled=true]
2024-01-26 11:26:13,391 [main] DEBUG org.hibernate.SQL                        - 
    select
        a1_0.cod_act,
        a1_0.cod_direccion,
        a1_0.nombre 
    from
        actores a1_0 
    where
        a1_0.nombre=?
2024-01-26 11:26:13,397 [main] TRACE org.hibernate.orm.jdbc.bind              - binding parameter (1:VARCHAR) <- [Carlos]
2024-01-26 11:26:13,411 [main] DEBUG org.hibernate.stat.internal.StatisticsImpl - HHH000117: HQL: from Actor a where a.nombre = :name, time: 30ms, rows: 1
2024-01-26 11:26:13,414 [main] DEBUG org.hibernate.SQL                        - 
    select
        d1_0.cod_dir,
        d1_0.calle,
        d1_0.numero 
    from
        direcciones d1_0 
    where
        d1_0.cod_dir=?
2024-01-26 11:26:13,415 [main] TRACE org.hibernate.orm.jdbc.bind              - binding parameter (1:INTEGER) <- [10]
2024-01-26 11:26:13,418 [main] INFO  es.ciudadescolar.Principal               - Actor [cod_act=10, nombre=Carlos, direccion_actor=Direccion [cod_dir=10, calle=San Cristobal, numero=7]]
2024-01-26 11:26:13,420 [main] INFO  org.hibernate.orm.connections.pooling    - HHH10001008: Cleaning up connection pool [jdbc:mysql://localhost:3333/peliculas_orm_2324]
2024-01-26 11:26:13,423 [main] INFO  es.ciudadescolar.Principal               - Fin del programa
2024-01-26 11:26:28,682 [main] DEBUG o.hibernate.cache.internal.RegionFactoryInitiator - Cannot default RegionFactory based on registered strategies as `[]` RegionFactory strategies were registered
2024-01-26 11:26:28,688 [main] INFO  o.hibernate.cache.internal.RegionFactoryInitiator - HHH000026: Second-level cache disabled
2024-01-26 11:26:28,844 [main] WARN  o.h.e.j.c.internal.ConnectionProviderInitiator - HHH000022: c3p0 properties were encountered, but the c3p0 provider class was not found on the classpath; these properties are going to be ignored.
2024-01-26 11:26:28,848 [main] WARN  org.hibernate.orm.connections.pooling    - HHH10001002: Using built-in connection pool (not intended for production use)
2024-01-26 11:26:29,989 [main] INFO  o.h.e.t.jta.platform.internal.JtaPlatformInitiator - HHH000489: No JTA platform available (set 'hibernate.transaction.jta.platform' to enable JTA platform integration)
2024-01-26 11:26:29,994 [main] INFO  es.ciudadescolar.Principal               - Iniciando programa...
2024-01-26 11:26:30,023 [main] DEBUG org.hibernate.stat.internal.StatisticsInitiator - Statistics initialized [enabled=true]
2024-01-26 11:26:30,246 [main] DEBUG org.hibernate.SQL                        - 
    select
        a1_0.cod_act,
        a1_0.cod_direccion,
        a1_0.nombre 
    from
        actores a1_0 
    where
        a1_0.nombre=?
2024-01-26 11:26:30,251 [main] TRACE org.hibernate.orm.jdbc.bind              - binding parameter (1:VARCHAR) <- [Carlos]
2024-01-26 11:26:30,264 [main] DEBUG org.hibernate.stat.internal.StatisticsImpl - HHH000117: HQL: from Actor a where a.nombre = :name, time: 30ms, rows: 1
2024-01-26 11:26:30,267 [main] DEBUG org.hibernate.SQL                        - 
    select
        d1_0.cod_dir,
        d1_0.calle,
        d1_0.numero 
    from
        direcciones d1_0 
    where
        d1_0.cod_dir=?
2024-01-26 11:26:30,268 [main] TRACE org.hibernate.orm.jdbc.bind              - binding parameter (1:INTEGER) <- [10]
2024-01-26 11:26:30,272 [main] INFO  es.ciudadescolar.Principal               - Actor [cod_act=10, nombre=Carlos, direccion_actor=Direccion [cod_dir=10, calle=San Cristobal, numero=7]]
2024-01-26 11:26:30,276 [main] INFO  es.ciudadescolar.Principal               - Fin del programa
