2024-01-29 12:43:08,891 [main] INFO  org.hibernate.jpa.internal.util.LogHelper - HHH000204: Processing PersistenceUnitInfo [name: PersistenciaPeliculas]
2024-01-29 12:43:08,939 [main] INFO  org.hibernate.Version                    - HHH000412: Hibernate ORM core version 6.4.1.Final
2024-01-29 12:43:08,973 [main] DEBUG o.hibernate.cache.internal.RegionFactoryInitiator - Cannot default RegionFactory based on registered strategies as `[]` RegionFactory strategies were registered
2024-01-29 12:43:08,974 [main] INFO  o.hibernate.cache.internal.RegionFactoryInitiator - HHH000026: Second-level cache disabled
2024-01-29 12:43:09,153 [main] WARN  o.h.e.j.c.internal.ConnectionProviderInitiator - HHH000022: c3p0 properties were encountered, but the c3p0 provider class was not found on the classpath; these properties are going to be ignored.
2024-01-29 12:43:09,157 [main] WARN  org.hibernate.orm.connections.pooling    - HHH10001002: Using built-in connection pool (not intended for production use)
2024-01-29 12:43:09,162 [main] INFO  org.hibernate.orm.connections.pooling    - HHH10001005: Loaded JDBC driver class: com.mysql.cj.jdbc.Driver
2024-01-29 12:43:09,162 [main] INFO  org.hibernate.orm.connections.pooling    - HHH10001012: Connecting with JDBC URL [jdbc:mysql://localhost:3306/empresa_orm_2324]
2024-01-29 12:43:09,163 [main] INFO  org.hibernate.orm.connections.pooling    - HHH10001001: Connection properties: {password=****, autocommit=false, user=root}
2024-01-29 12:43:09,163 [main] INFO  org.hibernate.orm.connections.pooling    - HHH10001003: Autocommit mode: false
2024-01-29 12:43:09,165 [main] INFO  org.hibernate.orm.connections.pooling    - HHH10001115: Connection pool size: 20 (min=1)
2024-01-29 12:43:10,484 [main] INFO  o.h.e.t.jta.platform.internal.JtaPlatformInitiator - HHH000489: No JTA platform available (set 'hibernate.transaction.jta.platform' to enable JTA platform integration)
2024-01-29 12:43:10,492 [main] INFO  es.ciudadescolar.Principal               - Iniciando programa...
2024-01-29 12:43:10,520 [main] DEBUG org.hibernate.stat.internal.StatisticsInitiator - Statistics initialized [enabled=true]
2024-01-29 12:43:10,538 [main] DEBUG org.hibernate.SQL                        - 
    insert 
    into
        customers
        (last_name, cod_cliente, email, first_name) 
    values
        (?, ?, ?, ?)
2024-01-29 12:43:10,545 [main] TRACE org.hibernate.orm.jdbc.bind              - binding parameter (1:VARCHAR) <- [Díaz]
2024-01-29 12:43:10,546 [main] TRACE org.hibernate.orm.jdbc.bind              - binding parameter (2:INTEGER) <- [null]
2024-01-29 12:43:10,547 [main] TRACE org.hibernate.orm.jdbc.bind              - binding parameter (3:VARCHAR) <- [pd1921@tocomocho.net]
2024-01-29 12:43:10,547 [main] TRACE org.hibernate.orm.jdbc.bind              - binding parameter (4:VARCHAR) <- [Paco]
2024-01-29 12:43:10,580 [main] WARN  org.hibernate.engine.jdbc.spi.SqlExceptionHelper - SQL Error: 1054, SQLState: 42S22
2024-01-29 12:43:10,580 [main] ERROR org.hibernate.engine.jdbc.spi.SqlExceptionHelper - Unknown column 'cod_cliente' in 'field list'
2024-01-29 12:43:10,585 [main] ERROR es.ciudadescolar.Principal               - Error durante la operacion de persistencia: could not execute statement [Unknown column 'cod_cliente' in 'field list'] [insert into customers (last_name,cod_cliente,email,first_name) values (?,?,?,?)]
2024-01-29 12:43:10,586 [main] INFO  o.h.e.i.StatisticalLoggingSessionEventListener - Session Metrics {
    532400 nanoseconds spent acquiring 1 JDBC connections;
    345400 nanoseconds spent releasing 1 JDBC connections;
    5258200 nanoseconds spent preparing 1 JDBC statements;
    33051500 nanoseconds spent executing 1 JDBC statements;
    0 nanoseconds spent executing 0 JDBC batches;
    0 nanoseconds spent performing 0 L2C puts;
    0 nanoseconds spent performing 0 L2C hits;
    0 nanoseconds spent performing 0 L2C misses;
    0 nanoseconds spent executing 0 flushes (flushing a total of 0 entities and 0 collections);
    0 nanoseconds spent executing 0 partial-flushes (flushing a total of 0 entities and 0 collections)
}
2024-01-29 12:43:10,586 [main] INFO  es.ciudadescolar.Principal               - EntityManager cerrado
2024-01-29 12:43:10,586 [main] INFO  org.hibernate.orm.connections.pooling    - HHH10001008: Cleaning up connection pool [jdbc:mysql://localhost:3306/empresa_orm_2324]
2024-01-29 12:43:10,590 [main] INFO  es.ciudadescolar.Principal               - Fin del programa
2024-01-29 12:44:51,062 [main] INFO  org.hibernate.jpa.internal.util.LogHelper - HHH000204: Processing PersistenceUnitInfo [name: PersistenciaPeliculas]
2024-01-29 12:44:51,109 [main] INFO  org.hibernate.Version                    - HHH000412: Hibernate ORM core version 6.4.1.Final
2024-01-29 12:44:51,145 [main] DEBUG o.hibernate.cache.internal.RegionFactoryInitiator - Cannot default RegionFactory based on registered strategies as `[]` RegionFactory strategies were registered
2024-01-29 12:44:51,146 [main] INFO  o.hibernate.cache.internal.RegionFactoryInitiator - HHH000026: Second-level cache disabled
2024-01-29 12:44:51,319 [main] WARN  o.h.e.j.c.internal.ConnectionProviderInitiator - HHH000022: c3p0 properties were encountered, but the c3p0 provider class was not found on the classpath; these properties are going to be ignored.
2024-01-29 12:44:51,322 [main] WARN  org.hibernate.orm.connections.pooling    - HHH10001002: Using built-in connection pool (not intended for production use)
2024-01-29 12:44:51,327 [main] INFO  org.hibernate.orm.connections.pooling    - HHH10001005: Loaded JDBC driver class: com.mysql.cj.jdbc.Driver
2024-01-29 12:44:51,327 [main] INFO  org.hibernate.orm.connections.pooling    - HHH10001012: Connecting with JDBC URL [jdbc:mysql://localhost:3306/empresa_orm_2324]
2024-01-29 12:44:51,327 [main] INFO  org.hibernate.orm.connections.pooling    - HHH10001001: Connection properties: {password=****, autocommit=false, user=root}
2024-01-29 12:44:51,327 [main] INFO  org.hibernate.orm.connections.pooling    - HHH10001003: Autocommit mode: false
2024-01-29 12:44:51,330 [main] INFO  org.hibernate.orm.connections.pooling    - HHH10001115: Connection pool size: 20 (min=1)
2024-01-29 12:44:52,640 [main] INFO  o.h.e.t.jta.platform.internal.JtaPlatformInitiator - HHH000489: No JTA platform available (set 'hibernate.transaction.jta.platform' to enable JTA platform integration)
2024-01-29 12:44:52,643 [main] INFO  es.ciudadescolar.Principal               - Iniciando programa...
2024-01-29 12:44:52,672 [main] DEBUG org.hibernate.stat.internal.StatisticsInitiator - Statistics initialized [enabled=true]
2024-01-29 12:44:52,691 [main] DEBUG org.hibernate.SQL                        - 
    insert 
    into
        customers
        (last_name, email, first_name) 
    values
        (?, ?, ?)
2024-01-29 12:44:52,698 [main] TRACE org.hibernate.orm.jdbc.bind              - binding parameter (1:VARCHAR) <- [Díaz]
2024-01-29 12:44:52,699 [main] TRACE org.hibernate.orm.jdbc.bind              - binding parameter (2:VARCHAR) <- [pd1921@tocomocho.net]
2024-01-29 12:44:52,699 [main] TRACE org.hibernate.orm.jdbc.bind              - binding parameter (3:VARCHAR) <- [Paco]
2024-01-29 12:44:52,724 [main] INFO  o.h.e.i.StatisticalLoggingSessionEventListener - Session Metrics {
    560300 nanoseconds spent acquiring 1 JDBC connections;
    391000 nanoseconds spent releasing 1 JDBC connections;
    5464800 nanoseconds spent preparing 1 JDBC statements;
    1478300 nanoseconds spent executing 1 JDBC statements;
    0 nanoseconds spent executing 0 JDBC batches;
    0 nanoseconds spent performing 0 L2C puts;
    0 nanoseconds spent performing 0 L2C hits;
    0 nanoseconds spent performing 0 L2C misses;
    4195500 nanoseconds spent executing 1 flushes (flushing a total of 1 entities and 0 collections);
    0 nanoseconds spent executing 0 partial-flushes (flushing a total of 0 entities and 0 collections)
}
2024-01-29 12:44:52,724 [main] INFO  es.ciudadescolar.Principal               - EntityManager cerrado
2024-01-29 12:44:52,725 [main] INFO  org.hibernate.orm.connections.pooling    - HHH10001008: Cleaning up connection pool [jdbc:mysql://localhost:3306/empresa_orm_2324]
2024-01-29 12:44:52,727 [main] INFO  es.ciudadescolar.Principal               - Fin del programa
2024-01-29 12:47:17,597 [main] INFO  org.hibernate.jpa.internal.util.LogHelper - HHH000204: Processing PersistenceUnitInfo [name: PersistenciaPeliculas]
2024-01-29 12:47:17,652 [main] INFO  org.hibernate.Version                    - HHH000412: Hibernate ORM core version 6.4.1.Final
2024-01-29 12:47:17,690 [main] DEBUG o.hibernate.cache.internal.RegionFactoryInitiator - Cannot default RegionFactory based on registered strategies as `[]` RegionFactory strategies were registered
2024-01-29 12:47:17,691 [main] INFO  o.hibernate.cache.internal.RegionFactoryInitiator - HHH000026: Second-level cache disabled
2024-01-29 12:47:17,870 [main] WARN  o.h.e.j.c.internal.ConnectionProviderInitiator - HHH000022: c3p0 properties were encountered, but the c3p0 provider class was not found on the classpath; these properties are going to be ignored.
2024-01-29 12:47:17,873 [main] WARN  org.hibernate.orm.connections.pooling    - HHH10001002: Using built-in connection pool (not intended for production use)
2024-01-29 12:47:17,879 [main] INFO  org.hibernate.orm.connections.pooling    - HHH10001005: Loaded JDBC driver class: com.mysql.cj.jdbc.Driver
2024-01-29 12:47:17,879 [main] INFO  org.hibernate.orm.connections.pooling    - HHH10001012: Connecting with JDBC URL [jdbc:mysql://localhost:3306/empresa_orm_2324]
2024-01-29 12:47:17,879 [main] INFO  org.hibernate.orm.connections.pooling    - HHH10001001: Connection properties: {password=****, autocommit=false, user=root}
2024-01-29 12:47:17,879 [main] INFO  org.hibernate.orm.connections.pooling    - HHH10001003: Autocommit mode: false
2024-01-29 12:47:17,883 [main] INFO  org.hibernate.orm.connections.pooling    - HHH10001115: Connection pool size: 20 (min=1)
2024-01-29 12:47:19,247 [main] INFO  o.h.e.t.jta.platform.internal.JtaPlatformInitiator - HHH000489: No JTA platform available (set 'hibernate.transaction.jta.platform' to enable JTA platform integration)
2024-01-29 12:47:19,251 [main] INFO  es.ciudadescolar.Principal               - Iniciando programa...
2024-01-29 12:47:19,283 [main] DEBUG org.hibernate.stat.internal.StatisticsInitiator - Statistics initialized [enabled=true]
2024-01-29 12:47:19,296 [main] ERROR es.ciudadescolar.Principal               - Error durante la operacion de persistencia: Identifier of entity 'es.ciudadescolar.ClienteDetalles' must be manually assigned before calling 'persist()'
2024-01-29 12:47:19,296 [main] INFO  o.h.e.i.StatisticalLoggingSessionEventListener - Session Metrics {
    573400 nanoseconds spent acquiring 1 JDBC connections;
    331100 nanoseconds spent releasing 1 JDBC connections;
    0 nanoseconds spent preparing 0 JDBC statements;
    0 nanoseconds spent executing 0 JDBC statements;
    0 nanoseconds spent executing 0 JDBC batches;
    0 nanoseconds spent performing 0 L2C puts;
    0 nanoseconds spent performing 0 L2C hits;
    0 nanoseconds spent performing 0 L2C misses;
    0 nanoseconds spent executing 0 flushes (flushing a total of 0 entities and 0 collections);
    0 nanoseconds spent executing 0 partial-flushes (flushing a total of 0 entities and 0 collections)
}
2024-01-29 12:47:19,296 [main] INFO  es.ciudadescolar.Principal               - EntityManager cerrado
2024-01-29 12:47:19,297 [main] INFO  org.hibernate.orm.connections.pooling    - HHH10001008: Cleaning up connection pool [jdbc:mysql://localhost:3306/empresa_orm_2324]
2024-01-29 12:47:19,299 [main] INFO  es.ciudadescolar.Principal               - Fin del programa
2024-01-29 12:48:13,886 [main] INFO  org.hibernate.jpa.internal.util.LogHelper - HHH000204: Processing PersistenceUnitInfo [name: PersistenciaPeliculas]
2024-01-29 12:48:13,938 [main] INFO  org.hibernate.Version                    - HHH000412: Hibernate ORM core version 6.4.1.Final
2024-01-29 12:48:13,973 [main] DEBUG o.hibernate.cache.internal.RegionFactoryInitiator - Cannot default RegionFactory based on registered strategies as `[]` RegionFactory strategies were registered
2024-01-29 12:48:13,974 [main] INFO  o.hibernate.cache.internal.RegionFactoryInitiator - HHH000026: Second-level cache disabled
2024-01-29 12:48:14,150 [main] WARN  o.h.e.j.c.internal.ConnectionProviderInitiator - HHH000022: c3p0 properties were encountered, but the c3p0 provider class was not found on the classpath; these properties are going to be ignored.
2024-01-29 12:48:14,153 [main] WARN  org.hibernate.orm.connections.pooling    - HHH10001002: Using built-in connection pool (not intended for production use)
2024-01-29 12:48:14,158 [main] INFO  org.hibernate.orm.connections.pooling    - HHH10001005: Loaded JDBC driver class: com.mysql.cj.jdbc.Driver
2024-01-29 12:48:14,158 [main] INFO  org.hibernate.orm.connections.pooling    - HHH10001012: Connecting with JDBC URL [jdbc:mysql://localhost:3306/empresa_orm_2324]
2024-01-29 12:48:14,158 [main] INFO  org.hibernate.orm.connections.pooling    - HHH10001001: Connection properties: {password=****, autocommit=false, user=root}
2024-01-29 12:48:14,158 [main] INFO  org.hibernate.orm.connections.pooling    - HHH10001003: Autocommit mode: false
2024-01-29 12:48:14,163 [main] INFO  org.hibernate.orm.connections.pooling    - HHH10001115: Connection pool size: 20 (min=1)
2024-01-29 12:48:15,489 [main] INFO  o.h.e.t.jta.platform.internal.JtaPlatformInitiator - HHH000489: No JTA platform available (set 'hibernate.transaction.jta.platform' to enable JTA platform integration)
2024-01-29 12:48:15,492 [main] INFO  es.ciudadescolar.Principal               - Iniciando programa...
2024-01-29 12:48:15,523 [main] DEBUG org.hibernate.stat.internal.StatisticsInitiator - Statistics initialized [enabled=true]
2024-01-29 12:48:15,543 [main] DEBUG org.hibernate.SQL                        - 
    insert 
    into
        customers
        (last_name, email, first_name) 
    values
        (?, ?, ?)
2024-01-29 12:48:15,550 [main] TRACE org.hibernate.orm.jdbc.bind              - binding parameter (1:VARCHAR) <- [Díaz]
2024-01-29 12:48:15,551 [main] TRACE org.hibernate.orm.jdbc.bind              - binding parameter (2:VARCHAR) <- [pd1921@tocomocho.net]
2024-01-29 12:48:15,551 [main] TRACE org.hibernate.orm.jdbc.bind              - binding parameter (3:VARCHAR) <- [Paco]
2024-01-29 12:48:15,574 [main] INFO  o.h.e.i.StatisticalLoggingSessionEventListener - Session Metrics {
    562300 nanoseconds spent acquiring 1 JDBC connections;
    397300 nanoseconds spent releasing 1 JDBC connections;
    5857700 nanoseconds spent preparing 1 JDBC statements;
    1317900 nanoseconds spent executing 1 JDBC statements;
    0 nanoseconds spent executing 0 JDBC batches;
    0 nanoseconds spent performing 0 L2C puts;
    0 nanoseconds spent performing 0 L2C hits;
    0 nanoseconds spent performing 0 L2C misses;
    5054400 nanoseconds spent executing 1 flushes (flushing a total of 1 entities and 0 collections);
    0 nanoseconds spent executing 0 partial-flushes (flushing a total of 0 entities and 0 collections)
}
2024-01-29 12:48:15,575 [main] INFO  es.ciudadescolar.Principal               - EntityManager cerrado
2024-01-29 12:48:15,575 [main] INFO  org.hibernate.orm.connections.pooling    - HHH10001008: Cleaning up connection pool [jdbc:mysql://localhost:3306/empresa_orm_2324]
2024-01-29 12:48:15,578 [main] INFO  es.ciudadescolar.Principal               - Fin del programa
2024-01-29 12:54:11,829 [main] INFO  org.hibernate.jpa.internal.util.LogHelper - HHH000204: Processing PersistenceUnitInfo [name: PersistenciaPeliculas]
2024-01-29 12:54:11,878 [main] INFO  org.hibernate.Version                    - HHH000412: Hibernate ORM core version 6.4.1.Final
2024-01-29 12:54:11,917 [main] DEBUG o.hibernate.cache.internal.RegionFactoryInitiator - Cannot default RegionFactory based on registered strategies as `[]` RegionFactory strategies were registered
2024-01-29 12:54:11,918 [main] INFO  o.hibernate.cache.internal.RegionFactoryInitiator - HHH000026: Second-level cache disabled
2024-01-29 12:54:12,094 [main] WARN  o.h.e.j.c.internal.ConnectionProviderInitiator - HHH000022: c3p0 properties were encountered, but the c3p0 provider class was not found on the classpath; these properties are going to be ignored.
2024-01-29 12:54:12,097 [main] WARN  org.hibernate.orm.connections.pooling    - HHH10001002: Using built-in connection pool (not intended for production use)
2024-01-29 12:54:12,102 [main] INFO  org.hibernate.orm.connections.pooling    - HHH10001005: Loaded JDBC driver class: com.mysql.cj.jdbc.Driver
2024-01-29 12:54:12,103 [main] INFO  org.hibernate.orm.connections.pooling    - HHH10001012: Connecting with JDBC URL [jdbc:mysql://localhost:3306/empresa_orm_2324]
2024-01-29 12:54:12,103 [main] INFO  org.hibernate.orm.connections.pooling    - HHH10001001: Connection properties: {password=****, autocommit=false, user=root}
2024-01-29 12:54:12,103 [main] INFO  org.hibernate.orm.connections.pooling    - HHH10001003: Autocommit mode: false
2024-01-29 12:54:12,106 [main] INFO  org.hibernate.orm.connections.pooling    - HHH10001115: Connection pool size: 20 (min=1)
2024-01-29 12:54:13,430 [main] INFO  o.h.e.t.jta.platform.internal.JtaPlatformInitiator - HHH000489: No JTA platform available (set 'hibernate.transaction.jta.platform' to enable JTA platform integration)
2024-01-29 12:54:13,433 [main] INFO  es.ciudadescolar.Principal               - Iniciando programa...
2024-01-29 12:54:13,464 [main] DEBUG org.hibernate.stat.internal.StatisticsInitiator - Statistics initialized [enabled=true]
2024-01-29 12:54:13,475 [main] ERROR es.ciudadescolar.Principal               - Error durante la operacion de persistencia: Identifier of entity 'es.ciudadescolar.ClienteDetalles' must be manually assigned before calling 'persist()'
2024-01-29 12:54:13,476 [main] INFO  o.h.e.i.StatisticalLoggingSessionEventListener - Session Metrics {
    584900 nanoseconds spent acquiring 1 JDBC connections;
    358700 nanoseconds spent releasing 1 JDBC connections;
    0 nanoseconds spent preparing 0 JDBC statements;
    0 nanoseconds spent executing 0 JDBC statements;
    0 nanoseconds spent executing 0 JDBC batches;
    0 nanoseconds spent performing 0 L2C puts;
    0 nanoseconds spent performing 0 L2C hits;
    0 nanoseconds spent performing 0 L2C misses;
    0 nanoseconds spent executing 0 flushes (flushing a total of 0 entities and 0 collections);
    0 nanoseconds spent executing 0 partial-flushes (flushing a total of 0 entities and 0 collections)
}
2024-01-29 12:54:13,476 [main] INFO  es.ciudadescolar.Principal               - EntityManager cerrado
2024-01-29 12:54:13,476 [main] INFO  org.hibernate.orm.connections.pooling    - HHH10001008: Cleaning up connection pool [jdbc:mysql://localhost:3306/empresa_orm_2324]
2024-01-29 12:54:13,479 [main] INFO  es.ciudadescolar.Principal               - Fin del programa
2024-01-29 12:54:29,118 [main] INFO  org.hibernate.jpa.internal.util.LogHelper - HHH000204: Processing PersistenceUnitInfo [name: PersistenciaPeliculas]
2024-01-29 12:54:29,171 [main] INFO  org.hibernate.Version                    - HHH000412: Hibernate ORM core version 6.4.1.Final
2024-01-29 12:54:29,207 [main] DEBUG o.hibernate.cache.internal.RegionFactoryInitiator - Cannot default RegionFactory based on registered strategies as `[]` RegionFactory strategies were registered
2024-01-29 12:54:29,208 [main] INFO  o.hibernate.cache.internal.RegionFactoryInitiator - HHH000026: Second-level cache disabled
2024-01-29 12:54:29,380 [main] WARN  o.h.e.j.c.internal.ConnectionProviderInitiator - HHH000022: c3p0 properties were encountered, but the c3p0 provider class was not found on the classpath; these properties are going to be ignored.
2024-01-29 12:54:29,383 [main] WARN  org.hibernate.orm.connections.pooling    - HHH10001002: Using built-in connection pool (not intended for production use)
2024-01-29 12:54:29,388 [main] INFO  org.hibernate.orm.connections.pooling    - HHH10001005: Loaded JDBC driver class: com.mysql.cj.jdbc.Driver
2024-01-29 12:54:29,388 [main] INFO  org.hibernate.orm.connections.pooling    - HHH10001012: Connecting with JDBC URL [jdbc:mysql://localhost:3306/empresa_orm_2324]
2024-01-29 12:54:29,388 [main] INFO  org.hibernate.orm.connections.pooling    - HHH10001001: Connection properties: {password=****, autocommit=false, user=root}
2024-01-29 12:54:29,388 [main] INFO  org.hibernate.orm.connections.pooling    - HHH10001003: Autocommit mode: false
2024-01-29 12:54:29,391 [main] INFO  org.hibernate.orm.connections.pooling    - HHH10001115: Connection pool size: 20 (min=1)
2024-01-29 12:54:30,716 [main] INFO  o.h.e.t.jta.platform.internal.JtaPlatformInitiator - HHH000489: No JTA platform available (set 'hibernate.transaction.jta.platform' to enable JTA platform integration)
2024-01-29 12:54:30,719 [main] INFO  es.ciudadescolar.Principal               - Iniciando programa...
2024-01-29 12:54:30,751 [main] DEBUG org.hibernate.stat.internal.StatisticsInitiator - Statistics initialized [enabled=true]
2024-01-29 12:54:30,771 [main] DEBUG org.hibernate.SQL                        - 
    insert 
    into
        customers
        (last_name, email, first_name) 
    values
        (?, ?, ?)
2024-01-29 12:54:30,778 [main] TRACE org.hibernate.orm.jdbc.bind              - binding parameter (1:VARCHAR) <- [Díaz]
2024-01-29 12:54:30,779 [main] TRACE org.hibernate.orm.jdbc.bind              - binding parameter (2:VARCHAR) <- [pd1921@tocomocho.net]
2024-01-29 12:54:30,779 [main] TRACE org.hibernate.orm.jdbc.bind              - binding parameter (3:VARCHAR) <- [Paco]
2024-01-29 12:54:30,799 [main] INFO  o.h.e.i.StatisticalLoggingSessionEventListener - Session Metrics {
    518000 nanoseconds spent acquiring 1 JDBC connections;
    437500 nanoseconds spent releasing 1 JDBC connections;
    5903500 nanoseconds spent preparing 1 JDBC statements;
    1287100 nanoseconds spent executing 1 JDBC statements;
    0 nanoseconds spent executing 0 JDBC batches;
    0 nanoseconds spent performing 0 L2C puts;
    0 nanoseconds spent performing 0 L2C hits;
    0 nanoseconds spent performing 0 L2C misses;
    4412400 nanoseconds spent executing 1 flushes (flushing a total of 1 entities and 0 collections);
    0 nanoseconds spent executing 0 partial-flushes (flushing a total of 0 entities and 0 collections)
}
2024-01-29 12:54:30,799 [main] INFO  es.ciudadescolar.Principal               - EntityManager cerrado
2024-01-29 12:54:30,799 [main] INFO  org.hibernate.orm.connections.pooling    - HHH10001008: Cleaning up connection pool [jdbc:mysql://localhost:3306/empresa_orm_2324]
2024-01-29 12:54:30,803 [main] INFO  es.ciudadescolar.Principal               - Fin del programa
2024-01-29 12:55:24,927 [main] INFO  org.hibernate.jpa.internal.util.LogHelper - HHH000204: Processing PersistenceUnitInfo [name: PersistenciaPeliculas]
2024-01-29 12:55:24,977 [main] INFO  org.hibernate.Version                    - HHH000412: Hibernate ORM core version 6.4.1.Final
2024-01-29 12:55:25,013 [main] DEBUG o.hibernate.cache.internal.RegionFactoryInitiator - Cannot default RegionFactory based on registered strategies as `[]` RegionFactory strategies were registered
2024-01-29 12:55:25,014 [main] INFO  o.hibernate.cache.internal.RegionFactoryInitiator - HHH000026: Second-level cache disabled
2024-01-29 12:55:25,188 [main] WARN  o.h.e.j.c.internal.ConnectionProviderInitiator - HHH000022: c3p0 properties were encountered, but the c3p0 provider class was not found on the classpath; these properties are going to be ignored.
2024-01-29 12:55:25,190 [main] WARN  org.hibernate.orm.connections.pooling    - HHH10001002: Using built-in connection pool (not intended for production use)
2024-01-29 12:55:25,196 [main] INFO  org.hibernate.orm.connections.pooling    - HHH10001005: Loaded JDBC driver class: com.mysql.cj.jdbc.Driver
2024-01-29 12:55:25,196 [main] INFO  org.hibernate.orm.connections.pooling    - HHH10001012: Connecting with JDBC URL [jdbc:mysql://localhost:3306/empresa_orm_2324]
2024-01-29 12:55:25,196 [main] INFO  org.hibernate.orm.connections.pooling    - HHH10001001: Connection properties: {password=****, autocommit=false, user=root}
2024-01-29 12:55:25,196 [main] INFO  org.hibernate.orm.connections.pooling    - HHH10001003: Autocommit mode: false
2024-01-29 12:55:25,198 [main] INFO  org.hibernate.orm.connections.pooling    - HHH10001115: Connection pool size: 20 (min=1)
2024-01-29 12:55:26,529 [main] INFO  o.h.e.t.jta.platform.internal.JtaPlatformInitiator - HHH000489: No JTA platform available (set 'hibernate.transaction.jta.platform' to enable JTA platform integration)
2024-01-29 12:55:26,533 [main] INFO  es.ciudadescolar.Principal               - Iniciando programa...
2024-01-29 12:55:26,563 [main] DEBUG org.hibernate.stat.internal.StatisticsInitiator - Statistics initialized [enabled=true]
2024-01-29 12:55:26,582 [main] DEBUG org.hibernate.SQL                        - 
    insert 
    into
        customers
        (last_name, email, first_name) 
    values
        (?, ?, ?)
2024-01-29 12:55:26,591 [main] TRACE org.hibernate.orm.jdbc.bind              - binding parameter (1:VARCHAR) <- [Díaz]
2024-01-29 12:55:26,591 [main] TRACE org.hibernate.orm.jdbc.bind              - binding parameter (2:VARCHAR) <- [pd1921@tocomocho.net]
2024-01-29 12:55:26,592 [main] TRACE org.hibernate.orm.jdbc.bind              - binding parameter (3:VARCHAR) <- [Paco]
2024-01-29 12:55:26,603 [main] DEBUG org.hibernate.SQL                        - 
    insert 
    into
        customer_details
        (address, phone_number) 
    values
        (?, ?)
2024-01-29 12:55:26,603 [main] TRACE org.hibernate.orm.jdbc.bind              - binding parameter (1:VARCHAR) <- [Avda. Sin nombre, 121]
2024-01-29 12:55:26,603 [main] TRACE org.hibernate.orm.jdbc.bind              - binding parameter (2:VARCHAR) <- [6496568991]
2024-01-29 12:55:26,630 [main] WARN  org.hibernate.engine.jdbc.spi.SqlExceptionHelper - SQL Error: 1364, SQLState: HY000
2024-01-29 12:55:26,630 [main] ERROR org.hibernate.engine.jdbc.spi.SqlExceptionHelper - Field 'customer_id' doesn't have a default value
2024-01-29 12:55:26,635 [main] ERROR es.ciudadescolar.Principal               - Error durante la operacion de persistencia: could not execute statement [Field 'customer_id' doesn't have a default value] [insert into customer_details (address,phone_number) values (?,?)]
2024-01-29 12:55:26,636 [main] INFO  o.h.e.i.StatisticalLoggingSessionEventListener - Session Metrics {
    538700 nanoseconds spent acquiring 1 JDBC connections;
    335800 nanoseconds spent releasing 1 JDBC connections;
    6562700 nanoseconds spent preparing 2 JDBC statements;
    28022200 nanoseconds spent executing 2 JDBC statements;
    0 nanoseconds spent executing 0 JDBC batches;
    0 nanoseconds spent performing 0 L2C puts;
    0 nanoseconds spent performing 0 L2C hits;
    0 nanoseconds spent performing 0 L2C misses;
    0 nanoseconds spent executing 0 flushes (flushing a total of 0 entities and 0 collections);
    0 nanoseconds spent executing 0 partial-flushes (flushing a total of 0 entities and 0 collections)
}
2024-01-29 12:55:26,636 [main] INFO  es.ciudadescolar.Principal               - EntityManager cerrado
2024-01-29 12:55:26,636 [main] INFO  org.hibernate.orm.connections.pooling    - HHH10001008: Cleaning up connection pool [jdbc:mysql://localhost:3306/empresa_orm_2324]
2024-01-29 12:55:26,638 [main] INFO  es.ciudadescolar.Principal               - Fin del programa
2024-01-29 12:57:28,836 [main] INFO  org.hibernate.jpa.internal.util.LogHelper - HHH000204: Processing PersistenceUnitInfo [name: PersistenciaPeliculas]
2024-01-29 12:57:28,886 [main] INFO  org.hibernate.Version                    - HHH000412: Hibernate ORM core version 6.4.1.Final
2024-01-29 12:57:28,926 [main] DEBUG o.hibernate.cache.internal.RegionFactoryInitiator - Cannot default RegionFactory based on registered strategies as `[]` RegionFactory strategies were registered
2024-01-29 12:57:28,927 [main] INFO  o.hibernate.cache.internal.RegionFactoryInitiator - HHH000026: Second-level cache disabled
2024-01-29 12:57:29,106 [main] WARN  o.h.e.j.c.internal.ConnectionProviderInitiator - HHH000022: c3p0 properties were encountered, but the c3p0 provider class was not found on the classpath; these properties are going to be ignored.
2024-01-29 12:57:29,110 [main] WARN  org.hibernate.orm.connections.pooling    - HHH10001002: Using built-in connection pool (not intended for production use)
2024-01-29 12:57:29,115 [main] INFO  org.hibernate.orm.connections.pooling    - HHH10001005: Loaded JDBC driver class: com.mysql.cj.jdbc.Driver
2024-01-29 12:57:29,115 [main] INFO  org.hibernate.orm.connections.pooling    - HHH10001012: Connecting with JDBC URL [jdbc:mysql://localhost:3306/empresa_orm_2324]
2024-01-29 12:57:29,115 [main] INFO  org.hibernate.orm.connections.pooling    - HHH10001001: Connection properties: {password=****, autocommit=false, user=root}
2024-01-29 12:57:29,115 [main] INFO  org.hibernate.orm.connections.pooling    - HHH10001003: Autocommit mode: false
2024-01-29 12:57:29,119 [main] INFO  org.hibernate.orm.connections.pooling    - HHH10001115: Connection pool size: 20 (min=1)
2024-01-29 12:57:30,476 [main] INFO  o.h.e.t.jta.platform.internal.JtaPlatformInitiator - HHH000489: No JTA platform available (set 'hibernate.transaction.jta.platform' to enable JTA platform integration)
2024-01-29 12:57:30,481 [main] INFO  es.ciudadescolar.Principal               - Iniciando programa...
2024-01-29 12:57:30,514 [main] DEBUG org.hibernate.stat.internal.StatisticsInitiator - Statistics initialized [enabled=true]
2024-01-29 12:57:30,533 [main] DEBUG org.hibernate.SQL                        - 
    insert 
    into
        customers
        (last_name, email, first_name) 
    values
        (?, ?, ?)
2024-01-29 12:57:30,541 [main] TRACE org.hibernate.orm.jdbc.bind              - binding parameter (1:VARCHAR) <- [Díaz]
2024-01-29 12:57:30,541 [main] TRACE org.hibernate.orm.jdbc.bind              - binding parameter (2:VARCHAR) <- [pd1921@tocomocho.net]
2024-01-29 12:57:30,541 [main] TRACE org.hibernate.orm.jdbc.bind              - binding parameter (3:VARCHAR) <- [Paco]
2024-01-29 12:57:30,553 [main] DEBUG org.hibernate.SQL                        - 
    insert 
    into
        customer_details
        (address, phone_number) 
    values
        (?, ?)
2024-01-29 12:57:30,553 [main] TRACE org.hibernate.orm.jdbc.bind              - binding parameter (1:VARCHAR) <- [Avda. Sin nombre, 121]
2024-01-29 12:57:30,553 [main] TRACE org.hibernate.orm.jdbc.bind              - binding parameter (2:VARCHAR) <- [6496568991]
2024-01-29 12:57:30,579 [main] WARN  org.hibernate.engine.jdbc.spi.SqlExceptionHelper - SQL Error: 1364, SQLState: HY000
2024-01-29 12:57:30,579 [main] ERROR org.hibernate.engine.jdbc.spi.SqlExceptionHelper - Field 'customer_id' doesn't have a default value
2024-01-29 12:57:30,588 [main] ERROR es.ciudadescolar.Principal               - Error durante la operacion de persistencia: could not execute statement [Field 'customer_id' doesn't have a default value] [insert into customer_details (address,phone_number) values (?,?)]
2024-01-29 12:57:30,589 [main] INFO  o.h.e.i.StatisticalLoggingSessionEventListener - Session Metrics {
    568100 nanoseconds spent acquiring 1 JDBC connections;
    378600 nanoseconds spent releasing 1 JDBC connections;
    5235500 nanoseconds spent preparing 2 JDBC statements;
    27598900 nanoseconds spent executing 2 JDBC statements;
    0 nanoseconds spent executing 0 JDBC batches;
    0 nanoseconds spent performing 0 L2C puts;
    0 nanoseconds spent performing 0 L2C hits;
    0 nanoseconds spent performing 0 L2C misses;
    0 nanoseconds spent executing 0 flushes (flushing a total of 0 entities and 0 collections);
    0 nanoseconds spent executing 0 partial-flushes (flushing a total of 0 entities and 0 collections)
}
2024-01-29 12:57:30,589 [main] INFO  es.ciudadescolar.Principal               - EntityManager cerrado
2024-01-29 12:57:30,590 [main] INFO  org.hibernate.orm.connections.pooling    - HHH10001008: Cleaning up connection pool [jdbc:mysql://localhost:3306/empresa_orm_2324]
2024-01-29 12:57:30,593 [main] INFO  es.ciudadescolar.Principal               - Fin del programa
2024-01-29 12:59:13,655 [main] INFO  org.hibernate.jpa.internal.util.LogHelper - HHH000204: Processing PersistenceUnitInfo [name: PersistenciaPeliculas]
2024-01-29 12:59:13,705 [main] INFO  org.hibernate.Version                    - HHH000412: Hibernate ORM core version 6.4.1.Final
2024-01-29 12:59:13,742 [main] DEBUG o.hibernate.cache.internal.RegionFactoryInitiator - Cannot default RegionFactory based on registered strategies as `[]` RegionFactory strategies were registered
2024-01-29 12:59:13,742 [main] INFO  o.hibernate.cache.internal.RegionFactoryInitiator - HHH000026: Second-level cache disabled
2024-01-29 12:59:13,921 [main] WARN  o.h.e.j.c.internal.ConnectionProviderInitiator - HHH000022: c3p0 properties were encountered, but the c3p0 provider class was not found on the classpath; these properties are going to be ignored.
2024-01-29 12:59:13,924 [main] WARN  org.hibernate.orm.connections.pooling    - HHH10001002: Using built-in connection pool (not intended for production use)
2024-01-29 12:59:13,929 [main] INFO  org.hibernate.orm.connections.pooling    - HHH10001005: Loaded JDBC driver class: com.mysql.cj.jdbc.Driver
2024-01-29 12:59:13,929 [main] INFO  org.hibernate.orm.connections.pooling    - HHH10001012: Connecting with JDBC URL [jdbc:mysql://localhost:3306/empresa_orm_2324]
2024-01-29 12:59:13,929 [main] INFO  org.hibernate.orm.connections.pooling    - HHH10001001: Connection properties: {password=****, autocommit=false, user=root}
2024-01-29 12:59:13,929 [main] INFO  org.hibernate.orm.connections.pooling    - HHH10001003: Autocommit mode: false
2024-01-29 12:59:13,931 [main] INFO  org.hibernate.orm.connections.pooling    - HHH10001115: Connection pool size: 20 (min=1)
2024-01-29 12:59:15,240 [main] INFO  o.h.e.t.jta.platform.internal.JtaPlatformInitiator - HHH000489: No JTA platform available (set 'hibernate.transaction.jta.platform' to enable JTA platform integration)
2024-01-29 12:59:15,244 [main] INFO  es.ciudadescolar.Principal               - Iniciando programa...
2024-01-29 12:59:15,275 [main] DEBUG org.hibernate.stat.internal.StatisticsInitiator - Statistics initialized [enabled=true]
2024-01-29 12:59:15,295 [main] DEBUG org.hibernate.SQL                        - 
    insert 
    into
        customers
        (last_name, email, first_name) 
    values
        (?, ?, ?)
2024-01-29 12:59:15,302 [main] TRACE org.hibernate.orm.jdbc.bind              - binding parameter (1:VARCHAR) <- [Díaz]
2024-01-29 12:59:15,303 [main] TRACE org.hibernate.orm.jdbc.bind              - binding parameter (2:VARCHAR) <- [pd1921@tocomocho.net]
2024-01-29 12:59:15,303 [main] TRACE org.hibernate.orm.jdbc.bind              - binding parameter (3:VARCHAR) <- [Paco]
2024-01-29 12:59:15,322 [main] INFO  o.h.e.i.StatisticalLoggingSessionEventListener - Session Metrics {
    535100 nanoseconds spent acquiring 1 JDBC connections;
    371900 nanoseconds spent releasing 1 JDBC connections;
    4813300 nanoseconds spent preparing 1 JDBC statements;
    1525600 nanoseconds spent executing 1 JDBC statements;
    0 nanoseconds spent executing 0 JDBC batches;
    0 nanoseconds spent performing 0 L2C puts;
    0 nanoseconds spent performing 0 L2C hits;
    0 nanoseconds spent performing 0 L2C misses;
    4946800 nanoseconds spent executing 1 flushes (flushing a total of 1 entities and 0 collections);
    0 nanoseconds spent executing 0 partial-flushes (flushing a total of 0 entities and 0 collections)
}
2024-01-29 12:59:15,323 [main] INFO  es.ciudadescolar.Principal               - EntityManager cerrado
2024-01-29 12:59:15,323 [main] INFO  org.hibernate.orm.connections.pooling    - HHH10001008: Cleaning up connection pool [jdbc:mysql://localhost:3306/empresa_orm_2324]
2024-01-29 12:59:15,326 [main] INFO  es.ciudadescolar.Principal               - Fin del programa
2024-01-29 12:59:54,730 [main] INFO  org.hibernate.jpa.internal.util.LogHelper - HHH000204: Processing PersistenceUnitInfo [name: PersistenciaPeliculas]
2024-01-29 12:59:54,781 [main] INFO  org.hibernate.Version                    - HHH000412: Hibernate ORM core version 6.4.1.Final
2024-01-29 12:59:54,819 [main] DEBUG o.hibernate.cache.internal.RegionFactoryInitiator - Cannot default RegionFactory based on registered strategies as `[]` RegionFactory strategies were registered
2024-01-29 12:59:54,820 [main] INFO  o.hibernate.cache.internal.RegionFactoryInitiator - HHH000026: Second-level cache disabled
2024-01-29 12:59:55,000 [main] WARN  o.h.e.j.c.internal.ConnectionProviderInitiator - HHH000022: c3p0 properties were encountered, but the c3p0 provider class was not found on the classpath; these properties are going to be ignored.
2024-01-29 12:59:55,004 [main] WARN  org.hibernate.orm.connections.pooling    - HHH10001002: Using built-in connection pool (not intended for production use)
2024-01-29 12:59:55,009 [main] INFO  org.hibernate.orm.connections.pooling    - HHH10001005: Loaded JDBC driver class: com.mysql.cj.jdbc.Driver
2024-01-29 12:59:55,009 [main] INFO  org.hibernate.orm.connections.pooling    - HHH10001012: Connecting with JDBC URL [jdbc:mysql://localhost:3306/empresa_orm_2324]
2024-01-29 12:59:55,009 [main] INFO  org.hibernate.orm.connections.pooling    - HHH10001001: Connection properties: {password=****, autocommit=false, user=root}
2024-01-29 12:59:55,009 [main] INFO  org.hibernate.orm.connections.pooling    - HHH10001003: Autocommit mode: false
2024-01-29 12:59:55,012 [main] INFO  org.hibernate.orm.connections.pooling    - HHH10001115: Connection pool size: 20 (min=1)
2024-01-29 12:59:56,328 [main] INFO  o.h.e.t.jta.platform.internal.JtaPlatformInitiator - HHH000489: No JTA platform available (set 'hibernate.transaction.jta.platform' to enable JTA platform integration)
2024-01-29 12:59:56,331 [main] INFO  es.ciudadescolar.Principal               - Iniciando programa...
2024-01-29 12:59:56,363 [main] DEBUG org.hibernate.stat.internal.StatisticsInitiator - Statistics initialized [enabled=true]
2024-01-29 12:59:56,382 [main] DEBUG org.hibernate.SQL                        - 
    insert 
    into
        customers
        (last_name, email, first_name) 
    values
        (?, ?, ?)
2024-01-29 12:59:56,390 [main] TRACE org.hibernate.orm.jdbc.bind              - binding parameter (1:VARCHAR) <- [Díaz]
2024-01-29 12:59:56,390 [main] TRACE org.hibernate.orm.jdbc.bind              - binding parameter (2:VARCHAR) <- [pd1921@tocomocho.net]
2024-01-29 12:59:56,390 [main] TRACE org.hibernate.orm.jdbc.bind              - binding parameter (3:VARCHAR) <- [Paco]
2024-01-29 12:59:56,411 [main] INFO  o.h.e.i.StatisticalLoggingSessionEventListener - Session Metrics {
    538500 nanoseconds spent acquiring 1 JDBC connections;
    411600 nanoseconds spent releasing 1 JDBC connections;
    5114600 nanoseconds spent preparing 1 JDBC statements;
    1352000 nanoseconds spent executing 1 JDBC statements;
    0 nanoseconds spent executing 0 JDBC batches;
    0 nanoseconds spent performing 0 L2C puts;
    0 nanoseconds spent performing 0 L2C hits;
    0 nanoseconds spent performing 0 L2C misses;
    6013500 nanoseconds spent executing 1 flushes (flushing a total of 1 entities and 0 collections);
    0 nanoseconds spent executing 0 partial-flushes (flushing a total of 0 entities and 0 collections)
}
2024-01-29 12:59:56,412 [main] INFO  es.ciudadescolar.Principal               - EntityManager cerrado
2024-01-29 12:59:56,412 [main] INFO  org.hibernate.orm.connections.pooling    - HHH10001008: Cleaning up connection pool [jdbc:mysql://localhost:3306/empresa_orm_2324]
2024-01-29 12:59:56,415 [main] INFO  es.ciudadescolar.Principal               - Fin del programa
2024-01-29 13:08:36,028 [main] INFO  org.hibernate.jpa.internal.util.LogHelper - HHH000204: Processing PersistenceUnitInfo [name: PersistenciaPeliculas]
2024-01-29 13:08:36,080 [main] INFO  org.hibernate.Version                    - HHH000412: Hibernate ORM core version 6.4.1.Final
2024-01-29 13:08:36,116 [main] DEBUG o.hibernate.cache.internal.RegionFactoryInitiator - Cannot default RegionFactory based on registered strategies as `[]` RegionFactory strategies were registered
2024-01-29 13:08:36,117 [main] INFO  o.hibernate.cache.internal.RegionFactoryInitiator - HHH000026: Second-level cache disabled
2024-01-29 13:08:36,292 [main] WARN  o.h.e.j.c.internal.ConnectionProviderInitiator - HHH000022: c3p0 properties were encountered, but the c3p0 provider class was not found on the classpath; these properties are going to be ignored.
2024-01-29 13:08:36,295 [main] WARN  org.hibernate.orm.connections.pooling    - HHH10001002: Using built-in connection pool (not intended for production use)
2024-01-29 13:08:36,301 [main] INFO  org.hibernate.orm.connections.pooling    - HHH10001005: Loaded JDBC driver class: com.mysql.cj.jdbc.Driver
2024-01-29 13:08:36,301 [main] INFO  org.hibernate.orm.connections.pooling    - HHH10001012: Connecting with JDBC URL [jdbc:mysql://localhost:3306/empresa_orm_2324]
2024-01-29 13:08:36,301 [main] INFO  org.hibernate.orm.connections.pooling    - HHH10001001: Connection properties: {password=****, autocommit=false, user=root}
2024-01-29 13:08:36,301 [main] INFO  org.hibernate.orm.connections.pooling    - HHH10001003: Autocommit mode: false
2024-01-29 13:08:36,303 [main] INFO  org.hibernate.orm.connections.pooling    - HHH10001115: Connection pool size: 20 (min=1)
2024-01-29 13:08:37,667 [main] INFO  o.h.e.t.jta.platform.internal.JtaPlatformInitiator - HHH000489: No JTA platform available (set 'hibernate.transaction.jta.platform' to enable JTA platform integration)
2024-01-29 13:08:37,670 [main] INFO  es.ciudadescolar.Principal               - Iniciando programa...
2024-01-29 13:08:37,701 [main] DEBUG org.hibernate.stat.internal.StatisticsInitiator - Statistics initialized [enabled=true]
2024-01-29 13:08:37,720 [main] DEBUG org.hibernate.SQL                        - 
    insert 
    into
        customer_details
        (address, phone_number) 
    values
        (?, ?)
2024-01-29 13:08:37,727 [main] TRACE org.hibernate.orm.jdbc.bind              - binding parameter (1:VARCHAR) <- [Avda. Sin nombre, 121]
2024-01-29 13:08:37,727 [main] TRACE org.hibernate.orm.jdbc.bind              - binding parameter (2:VARCHAR) <- [6496568991]
2024-01-29 13:08:37,757 [main] WARN  org.hibernate.engine.jdbc.spi.SqlExceptionHelper - SQL Error: 1364, SQLState: HY000
2024-01-29 13:08:37,757 [main] ERROR org.hibernate.engine.jdbc.spi.SqlExceptionHelper - Field 'customer_id' doesn't have a default value
2024-01-29 13:08:37,763 [main] ERROR es.ciudadescolar.Principal               - Error durante la operacion de persistencia: could not execute statement [Field 'customer_id' doesn't have a default value] [insert into customer_details (address,phone_number) values (?,?)]
2024-01-29 13:08:37,763 [main] INFO  o.h.e.i.StatisticalLoggingSessionEventListener - Session Metrics {
    533500 nanoseconds spent acquiring 1 JDBC connections;
    349100 nanoseconds spent releasing 1 JDBC connections;
    5326000 nanoseconds spent preparing 1 JDBC statements;
    30426800 nanoseconds spent executing 1 JDBC statements;
    0 nanoseconds spent executing 0 JDBC batches;
    0 nanoseconds spent performing 0 L2C puts;
    0 nanoseconds spent performing 0 L2C hits;
    0 nanoseconds spent performing 0 L2C misses;
    0 nanoseconds spent executing 0 flushes (flushing a total of 0 entities and 0 collections);
    0 nanoseconds spent executing 0 partial-flushes (flushing a total of 0 entities and 0 collections)
}
2024-01-29 13:08:37,763 [main] INFO  es.ciudadescolar.Principal               - EntityManager cerrado
2024-01-29 13:08:37,764 [main] INFO  org.hibernate.orm.connections.pooling    - HHH10001008: Cleaning up connection pool [jdbc:mysql://localhost:3306/empresa_orm_2324]
2024-01-29 13:08:37,766 [main] INFO  es.ciudadescolar.Principal               - Fin del programa
2024-01-29 13:11:04,488 [main] INFO  org.hibernate.jpa.internal.util.LogHelper - HHH000204: Processing PersistenceUnitInfo [name: PersistenciaPeliculas]
2024-01-29 13:11:04,545 [main] INFO  org.hibernate.Version                    - HHH000412: Hibernate ORM core version 6.4.1.Final
2024-01-29 13:11:04,587 [main] DEBUG o.hibernate.cache.internal.RegionFactoryInitiator - Cannot default RegionFactory based on registered strategies as `[]` RegionFactory strategies were registered
2024-01-29 13:11:04,588 [main] INFO  o.hibernate.cache.internal.RegionFactoryInitiator - HHH000026: Second-level cache disabled
2024-01-29 13:11:04,771 [main] WARN  o.h.e.j.c.internal.ConnectionProviderInitiator - HHH000022: c3p0 properties were encountered, but the c3p0 provider class was not found on the classpath; these properties are going to be ignored.
2024-01-29 13:11:04,774 [main] WARN  org.hibernate.orm.connections.pooling    - HHH10001002: Using built-in connection pool (not intended for production use)
2024-01-29 13:11:04,781 [main] INFO  org.hibernate.orm.connections.pooling    - HHH10001005: Loaded JDBC driver class: com.mysql.cj.jdbc.Driver
2024-01-29 13:11:04,781 [main] INFO  org.hibernate.orm.connections.pooling    - HHH10001012: Connecting with JDBC URL [jdbc:mysql://localhost:3306/empresa_orm_2324]
2024-01-29 13:11:04,781 [main] INFO  org.hibernate.orm.connections.pooling    - HHH10001001: Connection properties: {password=****, autocommit=false, user=root}
2024-01-29 13:11:04,781 [main] INFO  org.hibernate.orm.connections.pooling    - HHH10001003: Autocommit mode: false
2024-01-29 13:11:04,783 [main] INFO  org.hibernate.orm.connections.pooling    - HHH10001115: Connection pool size: 20 (min=1)
2024-01-29 13:11:06,134 [main] INFO  o.h.e.t.jta.platform.internal.JtaPlatformInitiator - HHH000489: No JTA platform available (set 'hibernate.transaction.jta.platform' to enable JTA platform integration)
2024-01-29 13:11:06,138 [main] INFO  es.ciudadescolar.Principal               - Iniciando programa...
2024-01-29 13:11:06,168 [main] DEBUG org.hibernate.stat.internal.StatisticsInitiator - Statistics initialized [enabled=true]
2024-01-29 13:11:06,189 [main] DEBUG org.hibernate.SQL                        - 
    insert 
    into
        customers
        (last_name, email, first_name) 
    values
        (?, ?, ?)
2024-01-29 13:11:06,196 [main] TRACE org.hibernate.orm.jdbc.bind              - binding parameter (1:VARCHAR) <- [Díaz]
2024-01-29 13:11:06,197 [main] TRACE org.hibernate.orm.jdbc.bind              - binding parameter (2:VARCHAR) <- [pd1921@tocomocho.net]
2024-01-29 13:11:06,197 [main] TRACE org.hibernate.orm.jdbc.bind              - binding parameter (3:VARCHAR) <- [Paco]
2024-01-29 13:11:06,216 [main] DEBUG org.hibernate.SQL                        - 
    insert 
    into
        customer_details
        (address, phone_number, cliente_customer_id) 
    values
        (?, ?, ?)
2024-01-29 13:11:06,217 [main] TRACE org.hibernate.orm.jdbc.bind              - binding parameter (1:VARCHAR) <- [Avda. Sin nombre, 121]
2024-01-29 13:11:06,217 [main] TRACE org.hibernate.orm.jdbc.bind              - binding parameter (2:VARCHAR) <- [6496568991]
2024-01-29 13:11:06,217 [main] TRACE org.hibernate.orm.jdbc.bind              - binding parameter (3:INTEGER) <- [11]
2024-01-29 13:11:06,242 [main] WARN  org.hibernate.engine.jdbc.spi.SqlExceptionHelper - SQL Error: 1054, SQLState: 42S22
2024-01-29 13:11:06,243 [main] ERROR org.hibernate.engine.jdbc.spi.SqlExceptionHelper - Unknown column 'cliente_customer_id' in 'field list'
2024-01-29 13:11:06,254 [main] ERROR es.ciudadescolar.Principal               - Error durante la operacion de persistencia: Error while committing the transaction
2024-01-29 13:11:06,254 [main] INFO  o.h.e.i.StatisticalLoggingSessionEventListener - Session Metrics {
    557200 nanoseconds spent acquiring 1 JDBC connections;
    461600 nanoseconds spent releasing 1 JDBC connections;
    5455100 nanoseconds spent preparing 2 JDBC statements;
    28292500 nanoseconds spent executing 2 JDBC statements;
    0 nanoseconds spent executing 0 JDBC batches;
    0 nanoseconds spent performing 0 L2C puts;
    0 nanoseconds spent performing 0 L2C hits;
    0 nanoseconds spent performing 0 L2C misses;
    33917800 nanoseconds spent executing 1 flushes (flushing a total of 2 entities and 0 collections);
    0 nanoseconds spent executing 0 partial-flushes (flushing a total of 0 entities and 0 collections)
}
2024-01-29 13:11:06,254 [main] INFO  es.ciudadescolar.Principal               - EntityManager cerrado
2024-01-29 13:11:06,255 [main] INFO  org.hibernate.orm.connections.pooling    - HHH10001008: Cleaning up connection pool [jdbc:mysql://localhost:3306/empresa_orm_2324]
2024-01-29 13:11:06,258 [main] INFO  es.ciudadescolar.Principal               - Fin del programa
2024-01-29 13:16:04,580 [main] INFO  org.hibernate.jpa.internal.util.LogHelper - HHH000204: Processing PersistenceUnitInfo [name: PersistenciaPeliculas]
2024-01-29 13:16:04,629 [main] INFO  org.hibernate.Version                    - HHH000412: Hibernate ORM core version 6.4.1.Final
2024-01-29 13:16:04,664 [main] DEBUG o.hibernate.cache.internal.RegionFactoryInitiator - Cannot default RegionFactory based on registered strategies as `[]` RegionFactory strategies were registered
2024-01-29 13:16:04,665 [main] INFO  o.hibernate.cache.internal.RegionFactoryInitiator - HHH000026: Second-level cache disabled
2024-01-29 13:16:04,843 [main] WARN  o.h.e.j.c.internal.ConnectionProviderInitiator - HHH000022: c3p0 properties were encountered, but the c3p0 provider class was not found on the classpath; these properties are going to be ignored.
2024-01-29 13:16:04,846 [main] WARN  org.hibernate.orm.connections.pooling    - HHH10001002: Using built-in connection pool (not intended for production use)
2024-01-29 13:16:04,852 [main] INFO  org.hibernate.orm.connections.pooling    - HHH10001005: Loaded JDBC driver class: com.mysql.cj.jdbc.Driver
2024-01-29 13:16:04,852 [main] INFO  org.hibernate.orm.connections.pooling    - HHH10001012: Connecting with JDBC URL [jdbc:mysql://localhost:3306/empresa_orm_2324]
2024-01-29 13:16:04,852 [main] INFO  org.hibernate.orm.connections.pooling    - HHH10001001: Connection properties: {password=****, autocommit=false, user=root}
2024-01-29 13:16:04,852 [main] INFO  org.hibernate.orm.connections.pooling    - HHH10001003: Autocommit mode: false
2024-01-29 13:16:04,855 [main] INFO  org.hibernate.orm.connections.pooling    - HHH10001115: Connection pool size: 20 (min=1)
2024-01-29 13:16:06,243 [main] INFO  o.h.e.t.jta.platform.internal.JtaPlatformInitiator - HHH000489: No JTA platform available (set 'hibernate.transaction.jta.platform' to enable JTA platform integration)
2024-01-29 13:16:06,248 [main] INFO  es.ciudadescolar.Principal               - Iniciando programa...
2024-01-29 13:16:06,288 [main] DEBUG org.hibernate.stat.internal.StatisticsInitiator - Statistics initialized [enabled=true]
2024-01-29 13:16:06,307 [main] DEBUG org.hibernate.SQL                        - 
    insert 
    into
        customer_details
        (address, phone_number) 
    values
        (?, ?)
2024-01-29 13:16:06,314 [main] TRACE org.hibernate.orm.jdbc.bind              - binding parameter (1:VARCHAR) <- [Avda. Sin nombre, 121]
2024-01-29 13:16:06,315 [main] TRACE org.hibernate.orm.jdbc.bind              - binding parameter (2:VARCHAR) <- [6496568991]
2024-01-29 13:16:06,346 [main] WARN  org.hibernate.engine.jdbc.spi.SqlExceptionHelper - SQL Error: 1364, SQLState: HY000
2024-01-29 13:16:06,346 [main] ERROR org.hibernate.engine.jdbc.spi.SqlExceptionHelper - Field 'customer_id' doesn't have a default value
2024-01-29 13:16:06,353 [main] ERROR es.ciudadescolar.Principal               - Error durante la operacion de persistencia: could not execute statement [Field 'customer_id' doesn't have a default value] [insert into customer_details (address,phone_number) values (?,?)]
2024-01-29 13:16:06,353 [main] INFO  o.h.e.i.StatisticalLoggingSessionEventListener - Session Metrics {
    558500 nanoseconds spent acquiring 1 JDBC connections;
    495600 nanoseconds spent releasing 1 JDBC connections;
    5570000 nanoseconds spent preparing 1 JDBC statements;
    31130300 nanoseconds spent executing 1 JDBC statements;
    0 nanoseconds spent executing 0 JDBC batches;
    0 nanoseconds spent performing 0 L2C puts;
    0 nanoseconds spent performing 0 L2C hits;
    0 nanoseconds spent performing 0 L2C misses;
    0 nanoseconds spent executing 0 flushes (flushing a total of 0 entities and 0 collections);
    0 nanoseconds spent executing 0 partial-flushes (flushing a total of 0 entities and 0 collections)
}
2024-01-29 13:16:06,353 [main] INFO  es.ciudadescolar.Principal               - EntityManager cerrado
2024-01-29 13:16:06,354 [main] INFO  org.hibernate.orm.connections.pooling    - HHH10001008: Cleaning up connection pool [jdbc:mysql://localhost:3306/empresa_orm_2324]
2024-01-29 13:16:06,356 [main] INFO  es.ciudadescolar.Principal               - Fin del programa
2024-01-29 13:17:26,355 [main] INFO  org.hibernate.jpa.internal.util.LogHelper - HHH000204: Processing PersistenceUnitInfo [name: PersistenciaPeliculas]
2024-01-29 13:17:26,405 [main] INFO  org.hibernate.Version                    - HHH000412: Hibernate ORM core version 6.4.1.Final
2024-01-29 13:17:26,443 [main] DEBUG o.hibernate.cache.internal.RegionFactoryInitiator - Cannot default RegionFactory based on registered strategies as `[]` RegionFactory strategies were registered
2024-01-29 13:17:26,443 [main] INFO  o.hibernate.cache.internal.RegionFactoryInitiator - HHH000026: Second-level cache disabled
2024-01-29 13:17:26,623 [main] WARN  o.h.e.j.c.internal.ConnectionProviderInitiator - HHH000022: c3p0 properties were encountered, but the c3p0 provider class was not found on the classpath; these properties are going to be ignored.
2024-01-29 13:17:26,627 [main] WARN  org.hibernate.orm.connections.pooling    - HHH10001002: Using built-in connection pool (not intended for production use)
2024-01-29 13:17:26,633 [main] INFO  org.hibernate.orm.connections.pooling    - HHH10001005: Loaded JDBC driver class: com.mysql.cj.jdbc.Driver
2024-01-29 13:17:26,634 [main] INFO  org.hibernate.orm.connections.pooling    - HHH10001012: Connecting with JDBC URL [jdbc:mysql://localhost:3306/empresa_orm_2324]
2024-01-29 13:17:26,634 [main] INFO  org.hibernate.orm.connections.pooling    - HHH10001001: Connection properties: {password=****, autocommit=false, user=root}
2024-01-29 13:17:26,634 [main] INFO  org.hibernate.orm.connections.pooling    - HHH10001003: Autocommit mode: false
2024-01-29 13:17:26,638 [main] INFO  org.hibernate.orm.connections.pooling    - HHH10001115: Connection pool size: 20 (min=1)
2024-01-29 13:17:28,029 [main] INFO  o.h.e.t.jta.platform.internal.JtaPlatformInitiator - HHH000489: No JTA platform available (set 'hibernate.transaction.jta.platform' to enable JTA platform integration)
2024-01-29 13:17:28,033 [main] INFO  es.ciudadescolar.Principal               - Iniciando programa...
2024-01-29 13:17:28,067 [main] DEBUG org.hibernate.stat.internal.StatisticsInitiator - Statistics initialized [enabled=true]
2024-01-29 13:17:28,080 [main] ERROR es.ciudadescolar.Principal               - Error durante la operacion de persistencia: Identifier of entity 'es.ciudadescolar.ClienteDetalles' must be manually assigned before calling 'persist()'
2024-01-29 13:17:28,080 [main] INFO  o.h.e.i.StatisticalLoggingSessionEventListener - Session Metrics {
    606600 nanoseconds spent acquiring 1 JDBC connections;
    458000 nanoseconds spent releasing 1 JDBC connections;
    0 nanoseconds spent preparing 0 JDBC statements;
    0 nanoseconds spent executing 0 JDBC statements;
    0 nanoseconds spent executing 0 JDBC batches;
    0 nanoseconds spent performing 0 L2C puts;
    0 nanoseconds spent performing 0 L2C hits;
    0 nanoseconds spent performing 0 L2C misses;
    0 nanoseconds spent executing 0 flushes (flushing a total of 0 entities and 0 collections);
    0 nanoseconds spent executing 0 partial-flushes (flushing a total of 0 entities and 0 collections)
}
2024-01-29 13:17:28,080 [main] INFO  es.ciudadescolar.Principal               - EntityManager cerrado
2024-01-29 13:17:28,081 [main] INFO  org.hibernate.orm.connections.pooling    - HHH10001008: Cleaning up connection pool [jdbc:mysql://localhost:3306/empresa_orm_2324]
2024-01-29 13:17:28,084 [main] INFO  es.ciudadescolar.Principal               - Fin del programa
2024-01-29 13:21:31,438 [main] INFO  org.hibernate.jpa.internal.util.LogHelper - HHH000204: Processing PersistenceUnitInfo [name: PersistenciaPeliculas]
2024-01-29 13:21:31,488 [main] INFO  org.hibernate.Version                    - HHH000412: Hibernate ORM core version 6.4.1.Final
2024-01-29 13:21:31,524 [main] DEBUG o.hibernate.cache.internal.RegionFactoryInitiator - Cannot default RegionFactory based on registered strategies as `[]` RegionFactory strategies were registered
2024-01-29 13:21:31,525 [main] INFO  o.hibernate.cache.internal.RegionFactoryInitiator - HHH000026: Second-level cache disabled
2024-01-29 13:21:31,707 [main] WARN  o.h.e.j.c.internal.ConnectionProviderInitiator - HHH000022: c3p0 properties were encountered, but the c3p0 provider class was not found on the classpath; these properties are going to be ignored.
2024-01-29 13:21:31,710 [main] WARN  org.hibernate.orm.connections.pooling    - HHH10001002: Using built-in connection pool (not intended for production use)
2024-01-29 13:21:31,716 [main] INFO  org.hibernate.orm.connections.pooling    - HHH10001005: Loaded JDBC driver class: com.mysql.cj.jdbc.Driver
2024-01-29 13:21:31,717 [main] INFO  org.hibernate.orm.connections.pooling    - HHH10001012: Connecting with JDBC URL [jdbc:mysql://localhost:3306/empresa_orm_2324]
2024-01-29 13:21:31,717 [main] INFO  org.hibernate.orm.connections.pooling    - HHH10001001: Connection properties: {password=****, autocommit=false, user=root}
2024-01-29 13:21:31,717 [main] INFO  org.hibernate.orm.connections.pooling    - HHH10001003: Autocommit mode: false
2024-01-29 13:21:31,720 [main] INFO  org.hibernate.orm.connections.pooling    - HHH10001115: Connection pool size: 20 (min=1)
2024-01-29 13:21:33,047 [main] INFO  o.h.e.t.jta.platform.internal.JtaPlatformInitiator - HHH000489: No JTA platform available (set 'hibernate.transaction.jta.platform' to enable JTA platform integration)
2024-01-29 13:21:33,051 [main] INFO  es.ciudadescolar.Principal               - Iniciando programa...
2024-01-29 13:21:33,080 [main] DEBUG org.hibernate.stat.internal.StatisticsInitiator - Statistics initialized [enabled=true]
2024-01-29 13:21:33,097 [main] DEBUG org.hibernate.SQL                        - 
    insert 
    into
        customers
        (last_name, email, first_name) 
    values
        (?, ?, ?)
2024-01-29 13:21:33,104 [main] TRACE org.hibernate.orm.jdbc.bind              - binding parameter (1:VARCHAR) <- [Díaz]
2024-01-29 13:21:33,105 [main] TRACE org.hibernate.orm.jdbc.bind              - binding parameter (2:VARCHAR) <- [pd1921@tocomocho.net]
2024-01-29 13:21:33,105 [main] TRACE org.hibernate.orm.jdbc.bind              - binding parameter (3:VARCHAR) <- [Paco]
2024-01-29 13:21:33,125 [main] INFO  o.h.e.i.StatisticalLoggingSessionEventListener - Session Metrics {
    517300 nanoseconds spent acquiring 1 JDBC connections;
    386500 nanoseconds spent releasing 1 JDBC connections;
    4916500 nanoseconds spent preparing 1 JDBC statements;
    1346900 nanoseconds spent executing 1 JDBC statements;
    0 nanoseconds spent executing 0 JDBC batches;
    0 nanoseconds spent performing 0 L2C puts;
    0 nanoseconds spent performing 0 L2C hits;
    0 nanoseconds spent performing 0 L2C misses;
    5299900 nanoseconds spent executing 1 flushes (flushing a total of 1 entities and 0 collections);
    0 nanoseconds spent executing 0 partial-flushes (flushing a total of 0 entities and 0 collections)
}
2024-01-29 13:21:33,126 [main] INFO  es.ciudadescolar.Principal               - EntityManager cerrado
2024-01-29 13:21:33,126 [main] INFO  org.hibernate.orm.connections.pooling    - HHH10001008: Cleaning up connection pool [jdbc:mysql://localhost:3306/empresa_orm_2324]
2024-01-29 13:21:33,129 [main] INFO  es.ciudadescolar.Principal               - Fin del programa
2024-01-29 13:29:10,037 [main] INFO  org.hibernate.jpa.internal.util.LogHelper - HHH000204: Processing PersistenceUnitInfo [name: PersistenciaPeliculas]
2024-01-29 13:29:10,088 [main] INFO  org.hibernate.Version                    - HHH000412: Hibernate ORM core version 6.4.1.Final
2024-01-29 13:29:10,123 [main] DEBUG o.hibernate.cache.internal.RegionFactoryInitiator - Cannot default RegionFactory based on registered strategies as `[]` RegionFactory strategies were registered
2024-01-29 13:29:10,124 [main] INFO  o.hibernate.cache.internal.RegionFactoryInitiator - HHH000026: Second-level cache disabled
2024-01-29 13:29:10,297 [main] WARN  o.h.e.j.c.internal.ConnectionProviderInitiator - HHH000022: c3p0 properties were encountered, but the c3p0 provider class was not found on the classpath; these properties are going to be ignored.
2024-01-29 13:29:10,301 [main] WARN  org.hibernate.orm.connections.pooling    - HHH10001002: Using built-in connection pool (not intended for production use)
2024-01-29 13:29:10,306 [main] INFO  org.hibernate.orm.connections.pooling    - HHH10001005: Loaded JDBC driver class: com.mysql.cj.jdbc.Driver
2024-01-29 13:29:10,306 [main] INFO  org.hibernate.orm.connections.pooling    - HHH10001012: Connecting with JDBC URL [jdbc:mysql://localhost:3306/empresa_orm_2324]
2024-01-29 13:29:10,307 [main] INFO  org.hibernate.orm.connections.pooling    - HHH10001001: Connection properties: {password=****, autocommit=false, user=root}
2024-01-29 13:29:10,307 [main] INFO  org.hibernate.orm.connections.pooling    - HHH10001003: Autocommit mode: false
2024-01-29 13:29:10,311 [main] INFO  org.hibernate.orm.connections.pooling    - HHH10001115: Connection pool size: 20 (min=1)
2024-01-29 13:29:11,613 [main] INFO  o.h.e.t.jta.platform.internal.JtaPlatformInitiator - HHH000489: No JTA platform available (set 'hibernate.transaction.jta.platform' to enable JTA platform integration)
2024-01-29 13:29:11,616 [main] INFO  es.ciudadescolar.Principal               - Iniciando programa...
2024-01-29 13:29:11,643 [main] DEBUG org.hibernate.stat.internal.StatisticsInitiator - Statistics initialized [enabled=true]
2024-01-29 13:29:11,659 [main] ERROR es.ciudadescolar.Principal               - Error durante la operacion de persistencia: Identifier of entity 'es.ciudadescolar.ClienteDetalles' must be manually assigned before calling 'persist()'
2024-01-29 13:29:11,659 [main] INFO  o.h.e.i.StatisticalLoggingSessionEventListener - Session Metrics {
    529900 nanoseconds spent acquiring 1 JDBC connections;
    343700 nanoseconds spent releasing 1 JDBC connections;
    0 nanoseconds spent preparing 0 JDBC statements;
    0 nanoseconds spent executing 0 JDBC statements;
    0 nanoseconds spent executing 0 JDBC batches;
    0 nanoseconds spent performing 0 L2C puts;
    0 nanoseconds spent performing 0 L2C hits;
    0 nanoseconds spent performing 0 L2C misses;
    0 nanoseconds spent executing 0 flushes (flushing a total of 0 entities and 0 collections);
    0 nanoseconds spent executing 0 partial-flushes (flushing a total of 0 entities and 0 collections)
}
2024-01-29 13:29:11,659 [main] INFO  es.ciudadescolar.Principal               - EntityManager cerrado
2024-01-29 13:29:11,660 [main] INFO  org.hibernate.orm.connections.pooling    - HHH10001008: Cleaning up connection pool [jdbc:mysql://localhost:3306/empresa_orm_2324]
2024-01-29 13:29:11,662 [main] INFO  es.ciudadescolar.Principal               - Fin del programa
2024-01-29 13:30:03,794 [main] INFO  org.hibernate.jpa.internal.util.LogHelper - HHH000204: Processing PersistenceUnitInfo [name: PersistenciaPeliculas]
2024-01-29 13:30:03,844 [main] INFO  org.hibernate.Version                    - HHH000412: Hibernate ORM core version 6.4.1.Final
2024-01-29 13:30:03,880 [main] DEBUG o.hibernate.cache.internal.RegionFactoryInitiator - Cannot default RegionFactory based on registered strategies as `[]` RegionFactory strategies were registered
2024-01-29 13:30:03,881 [main] INFO  o.hibernate.cache.internal.RegionFactoryInitiator - HHH000026: Second-level cache disabled
2024-01-29 13:30:04,062 [main] WARN  o.h.e.j.c.internal.ConnectionProviderInitiator - HHH000022: c3p0 properties were encountered, but the c3p0 provider class was not found on the classpath; these properties are going to be ignored.
2024-01-29 13:30:04,066 [main] WARN  org.hibernate.orm.connections.pooling    - HHH10001002: Using built-in connection pool (not intended for production use)
2024-01-29 13:30:04,072 [main] INFO  org.hibernate.orm.connections.pooling    - HHH10001005: Loaded JDBC driver class: com.mysql.cj.jdbc.Driver
2024-01-29 13:30:04,072 [main] INFO  org.hibernate.orm.connections.pooling    - HHH10001012: Connecting with JDBC URL [jdbc:mysql://localhost:3306/empresa_orm_2324]
2024-01-29 13:30:04,072 [main] INFO  org.hibernate.orm.connections.pooling    - HHH10001001: Connection properties: {password=****, autocommit=false, user=root}
2024-01-29 13:30:04,072 [main] INFO  org.hibernate.orm.connections.pooling    - HHH10001003: Autocommit mode: false
2024-01-29 13:30:04,074 [main] INFO  org.hibernate.orm.connections.pooling    - HHH10001115: Connection pool size: 20 (min=1)
2024-01-29 13:30:05,398 [main] INFO  o.h.e.t.jta.platform.internal.JtaPlatformInitiator - HHH000489: No JTA platform available (set 'hibernate.transaction.jta.platform' to enable JTA platform integration)
2024-01-29 13:30:05,401 [main] INFO  es.ciudadescolar.Principal               - Iniciando programa...
2024-01-29 13:30:05,429 [main] DEBUG org.hibernate.stat.internal.StatisticsInitiator - Statistics initialized [enabled=true]
2024-01-29 13:30:05,444 [main] ERROR es.ciudadescolar.Principal               - Error durante la operacion de persistencia: Identifier of entity 'es.ciudadescolar.ClienteDetalles' must be manually assigned before calling 'persist()'
2024-01-29 13:30:05,445 [main] INFO  o.h.e.i.StatisticalLoggingSessionEventListener - Session Metrics {
    576100 nanoseconds spent acquiring 1 JDBC connections;
    358400 nanoseconds spent releasing 1 JDBC connections;
    0 nanoseconds spent preparing 0 JDBC statements;
    0 nanoseconds spent executing 0 JDBC statements;
    0 nanoseconds spent executing 0 JDBC batches;
    0 nanoseconds spent performing 0 L2C puts;
    0 nanoseconds spent performing 0 L2C hits;
    0 nanoseconds spent performing 0 L2C misses;
    0 nanoseconds spent executing 0 flushes (flushing a total of 0 entities and 0 collections);
    0 nanoseconds spent executing 0 partial-flushes (flushing a total of 0 entities and 0 collections)
}
2024-01-29 13:30:05,445 [main] INFO  es.ciudadescolar.Principal               - EntityManager cerrado
2024-01-29 13:30:05,445 [main] INFO  org.hibernate.orm.connections.pooling    - HHH10001008: Cleaning up connection pool [jdbc:mysql://localhost:3306/empresa_orm_2324]
2024-01-29 13:30:05,448 [main] INFO  es.ciudadescolar.Principal               - Fin del programa
2024-01-29 13:35:41,752 [main] INFO  org.hibernate.jpa.internal.util.LogHelper - HHH000204: Processing PersistenceUnitInfo [name: PersistenciaPeliculas]
2024-01-29 13:35:41,802 [main] INFO  org.hibernate.Version                    - HHH000412: Hibernate ORM core version 6.4.1.Final
2024-01-29 13:35:41,839 [main] DEBUG o.hibernate.cache.internal.RegionFactoryInitiator - Cannot default RegionFactory based on registered strategies as `[]` RegionFactory strategies were registered
2024-01-29 13:35:41,840 [main] INFO  o.hibernate.cache.internal.RegionFactoryInitiator - HHH000026: Second-level cache disabled
2024-01-29 13:35:42,013 [main] WARN  o.h.e.j.c.internal.ConnectionProviderInitiator - HHH000022: c3p0 properties were encountered, but the c3p0 provider class was not found on the classpath; these properties are going to be ignored.
2024-01-29 13:35:42,015 [main] WARN  org.hibernate.orm.connections.pooling    - HHH10001002: Using built-in connection pool (not intended for production use)
2024-01-29 13:35:42,021 [main] INFO  org.hibernate.orm.connections.pooling    - HHH10001005: Loaded JDBC driver class: com.mysql.cj.jdbc.Driver
2024-01-29 13:35:42,021 [main] INFO  org.hibernate.orm.connections.pooling    - HHH10001012: Connecting with JDBC URL [jdbc:mysql://localhost:3306/empresa_orm_2324]
2024-01-29 13:35:42,021 [main] INFO  org.hibernate.orm.connections.pooling    - HHH10001001: Connection properties: {password=****, autocommit=false, user=root}
2024-01-29 13:35:42,021 [main] INFO  org.hibernate.orm.connections.pooling    - HHH10001003: Autocommit mode: false
2024-01-29 13:35:42,025 [main] INFO  org.hibernate.orm.connections.pooling    - HHH10001115: Connection pool size: 20 (min=1)
2024-01-29 13:35:43,317 [main] INFO  o.h.e.t.jta.platform.internal.JtaPlatformInitiator - HHH000489: No JTA platform available (set 'hibernate.transaction.jta.platform' to enable JTA platform integration)
2024-01-29 13:35:43,320 [main] INFO  es.ciudadescolar.Principal               - Iniciando programa...
2024-01-29 13:35:43,350 [main] DEBUG org.hibernate.stat.internal.StatisticsInitiator - Statistics initialized [enabled=true]
2024-01-29 13:35:43,367 [main] DEBUG org.hibernate.SQL                        - 
    insert 
    into
        customers
        (last_name, email, first_name) 
    values
        (?, ?, ?)
2024-01-29 13:35:43,374 [main] TRACE org.hibernate.orm.jdbc.bind              - binding parameter (1:VARCHAR) <- [Díaz]
2024-01-29 13:35:43,374 [main] TRACE org.hibernate.orm.jdbc.bind              - binding parameter (2:VARCHAR) <- [pd1921@tocomocho.net]
2024-01-29 13:35:43,375 [main] TRACE org.hibernate.orm.jdbc.bind              - binding parameter (3:VARCHAR) <- [Paco]
2024-01-29 13:35:43,392 [main] ERROR es.ciudadescolar.Principal               - Error durante la operacion de persistencia: Identifier of entity 'es.ciudadescolar.ClienteDetalles' must be manually assigned before calling 'persist()'
2024-01-29 13:35:43,392 [main] INFO  o.h.e.i.StatisticalLoggingSessionEventListener - Session Metrics {
    574001 nanoseconds spent acquiring 1 JDBC connections;
    403701 nanoseconds spent releasing 1 JDBC connections;
    5179500 nanoseconds spent preparing 1 JDBC statements;
    1243001 nanoseconds spent executing 1 JDBC statements;
    0 nanoseconds spent executing 0 JDBC batches;
    0 nanoseconds spent performing 0 L2C puts;
    0 nanoseconds spent performing 0 L2C hits;
    0 nanoseconds spent performing 0 L2C misses;
    0 nanoseconds spent executing 0 flushes (flushing a total of 0 entities and 0 collections);
    0 nanoseconds spent executing 0 partial-flushes (flushing a total of 0 entities and 0 collections)
}
2024-01-29 13:35:43,392 [main] INFO  es.ciudadescolar.Principal               - EntityManager cerrado
2024-01-29 13:35:43,393 [main] INFO  org.hibernate.orm.connections.pooling    - HHH10001008: Cleaning up connection pool [jdbc:mysql://localhost:3306/empresa_orm_2324]
2024-01-29 13:35:43,395 [main] INFO  es.ciudadescolar.Principal               - Fin del programa
2024-01-29 13:47:36,513 [main] INFO  org.hibernate.jpa.internal.util.LogHelper - HHH000204: Processing PersistenceUnitInfo [name: PersistenciaPeliculas]
2024-01-29 13:47:36,563 [main] INFO  org.hibernate.Version                    - HHH000412: Hibernate ORM core version 6.4.1.Final
2024-01-29 13:47:36,600 [main] DEBUG o.hibernate.cache.internal.RegionFactoryInitiator - Cannot default RegionFactory based on registered strategies as `[]` RegionFactory strategies were registered
2024-01-29 13:47:36,601 [main] INFO  o.hibernate.cache.internal.RegionFactoryInitiator - HHH000026: Second-level cache disabled
2024-01-29 13:47:36,775 [main] WARN  o.h.e.j.c.internal.ConnectionProviderInitiator - HHH000022: c3p0 properties were encountered, but the c3p0 provider class was not found on the classpath; these properties are going to be ignored.
2024-01-29 13:47:36,778 [main] WARN  org.hibernate.orm.connections.pooling    - HHH10001002: Using built-in connection pool (not intended for production use)
2024-01-29 13:47:36,783 [main] INFO  org.hibernate.orm.connections.pooling    - HHH10001005: Loaded JDBC driver class: com.mysql.cj.jdbc.Driver
2024-01-29 13:47:36,783 [main] INFO  org.hibernate.orm.connections.pooling    - HHH10001012: Connecting with JDBC URL [jdbc:mysql://localhost:3306/empresa_orm_2324]
2024-01-29 13:47:36,784 [main] INFO  org.hibernate.orm.connections.pooling    - HHH10001001: Connection properties: {password=****, autocommit=false, user=root}
2024-01-29 13:47:36,784 [main] INFO  org.hibernate.orm.connections.pooling    - HHH10001003: Autocommit mode: false
2024-01-29 13:47:36,786 [main] INFO  org.hibernate.orm.connections.pooling    - HHH10001115: Connection pool size: 20 (min=1)
2024-01-29 13:47:38,094 [main] INFO  o.h.e.t.jta.platform.internal.JtaPlatformInitiator - HHH000489: No JTA platform available (set 'hibernate.transaction.jta.platform' to enable JTA platform integration)
2024-01-29 13:47:38,099 [main] INFO  es.ciudadescolar.Principal               - Iniciando programa...
2024-01-29 13:47:38,128 [main] DEBUG org.hibernate.stat.internal.StatisticsInitiator - Statistics initialized [enabled=true]
2024-01-29 13:47:38,329 [main] INFO  o.h.e.i.StatisticalLoggingSessionEventListener - Session Metrics {
    0 nanoseconds spent acquiring 0 JDBC connections;
    0 nanoseconds spent releasing 0 JDBC connections;
    0 nanoseconds spent preparing 0 JDBC statements;
    0 nanoseconds spent executing 0 JDBC statements;
    0 nanoseconds spent executing 0 JDBC batches;
    0 nanoseconds spent performing 0 L2C puts;
    0 nanoseconds spent performing 0 L2C hits;
    0 nanoseconds spent performing 0 L2C misses;
    0 nanoseconds spent executing 0 flushes (flushing a total of 0 entities and 0 collections);
    0 nanoseconds spent executing 0 partial-flushes (flushing a total of 0 entities and 0 collections)
}
2024-01-29 13:48:20,299 [main] INFO  org.hibernate.jpa.internal.util.LogHelper - HHH000204: Processing PersistenceUnitInfo [name: PersistenciaPeliculas]
2024-01-29 13:48:20,347 [main] INFO  org.hibernate.Version                    - HHH000412: Hibernate ORM core version 6.4.1.Final
2024-01-29 13:48:20,382 [main] DEBUG o.hibernate.cache.internal.RegionFactoryInitiator - Cannot default RegionFactory based on registered strategies as `[]` RegionFactory strategies were registered
2024-01-29 13:48:20,383 [main] INFO  o.hibernate.cache.internal.RegionFactoryInitiator - HHH000026: Second-level cache disabled
2024-01-29 13:48:20,558 [main] WARN  o.h.e.j.c.internal.ConnectionProviderInitiator - HHH000022: c3p0 properties were encountered, but the c3p0 provider class was not found on the classpath; these properties are going to be ignored.
2024-01-29 13:48:20,562 [main] WARN  org.hibernate.orm.connections.pooling    - HHH10001002: Using built-in connection pool (not intended for production use)
2024-01-29 13:48:20,567 [main] INFO  org.hibernate.orm.connections.pooling    - HHH10001005: Loaded JDBC driver class: com.mysql.cj.jdbc.Driver
2024-01-29 13:48:20,567 [main] INFO  org.hibernate.orm.connections.pooling    - HHH10001012: Connecting with JDBC URL [jdbc:mysql://localhost:3306/empresa_orm_2324]
2024-01-29 13:48:20,568 [main] INFO  org.hibernate.orm.connections.pooling    - HHH10001001: Connection properties: {password=****, autocommit=false, user=root}
2024-01-29 13:48:20,568 [main] INFO  org.hibernate.orm.connections.pooling    - HHH10001003: Autocommit mode: false
2024-01-29 13:48:20,571 [main] INFO  org.hibernate.orm.connections.pooling    - HHH10001115: Connection pool size: 20 (min=1)
2024-01-29 13:48:21,876 [main] INFO  o.h.e.t.jta.platform.internal.JtaPlatformInitiator - HHH000489: No JTA platform available (set 'hibernate.transaction.jta.platform' to enable JTA platform integration)
2024-01-29 13:48:21,879 [main] INFO  es.ciudadescolar.Principal               - Iniciando programa...
2024-01-29 13:48:21,907 [main] DEBUG org.hibernate.stat.internal.StatisticsInitiator - Statistics initialized [enabled=true]
2024-01-29 13:48:22,112 [main] INFO  o.h.e.i.StatisticalLoggingSessionEventListener - Session Metrics {
    0 nanoseconds spent acquiring 0 JDBC connections;
    0 nanoseconds spent releasing 0 JDBC connections;
    0 nanoseconds spent preparing 0 JDBC statements;
    0 nanoseconds spent executing 0 JDBC statements;
    0 nanoseconds spent executing 0 JDBC batches;
    0 nanoseconds spent performing 0 L2C puts;
    0 nanoseconds spent performing 0 L2C hits;
    0 nanoseconds spent performing 0 L2C misses;
    0 nanoseconds spent executing 0 flushes (flushing a total of 0 entities and 0 collections);
    0 nanoseconds spent executing 0 partial-flushes (flushing a total of 0 entities and 0 collections)
}
